<?xml version="1.0" encoding="utf-8"?>
<TestRun id="7ab0bf75-b6fe-4830-8c16-58eb4b3501fb" name="@Freebie 2025-09-20 10:53:01" xmlns="http://microsoft.com/schemas/VisualStudio/TeamTest/2010">
  <Times creation="2025-09-20T10:53:01.6451704-07:00" queuing="2025-09-20T10:53:01.6451705-07:00" start="2025-09-20T10:52:58.2683136-07:00" finish="2025-09-20T10:53:07.5115329-07:00" />
  <TestSettings name="default" id="2975d9f8-e86a-420b-b2bc-8c7d08ef219e">
    <Deployment runDeploymentRoot="_Freebie_2025-09-20_10_53_01" />
  </TestSettings>
  <Results>
    <UnitTestResult executionId="fdf696d5-ba2f-4ba7-92e1-9746123691f7" testId="e7948784-b806-5d26-5ff0-4bfd23508e8b" testName="EpisodeIdentifier.Tests.Integration.FilenameRecommendationTests.DifferentFileExtensions_GenerateCorrectFilenames" computerName="Freebie" duration="00:00:00.0178945" startTime="2025-09-20T10:53:02.5178214-07:00" endTime="2025-09-20T10:53:02.5178216-07:00" testType="13cdc9d9-ddb5-4fa4-a97d-d965ccfc6d4b" outcome="Passed" testListId="8c84fa94-04c1-424b-9868-57a2d4851a1d" relativeResultsDirectory="fdf696d5-ba2f-4ba7-92e1-9746123691f7" />
    <UnitTestResult executionId="25cc0624-886b-486a-9523-475eb22d0a4f" testId="de74a8a4-b9f4-4de4-4ca9-8a43b2adc47e" testName="EpisodeIdentifier.Tests.Integration.ErrorHandlingConcurrentIntegrationTests.ConcurrentProcessing_ConfigurationErrors_ShouldFallbackGracefully" computerName="Freebie" duration="00:00:00.5137089" startTime="2025-09-20T10:53:05.2264516-07:00" endTime="2025-09-20T10:53:05.2264518-07:00" testType="13cdc9d9-ddb5-4fa4-a97d-d965ccfc6d4b" outcome="Passed" testListId="8c84fa94-04c1-424b-9868-57a2d4851a1d" relativeResultsDirectory="25cc0624-886b-486a-9523-475eb22d0a4f">
      <Output>
        <StdOut>[Information] EpisodeIdentifier.Core.Services.ConfigurationService: ConfigurationService initialized with path: /mnt/c/Users/Ragma/KnowShow_Specd/tests/integration/bin/Debug/net8.0/episodeidentifier.config.json
[Information] EpisodeIdentifier.Core.Services.ConfigurationService: ConfigurationService initialized with path: /mnt/c/Users/Ragma/KnowShow_Specd/tests/integration/bin/Debug/net8.0/episodeidentifier.config.json
[Information] EpisodeIdentifier.Core.Services.BulkProcessorService: Starting bulk processing for request 3657070d-8aea-4bc0-8839-dc6c4bde449d with 3 paths
[Information] EpisodeIdentifier.Core.Services.ProgressTracker: Initializing progress tracker for request 3657070d-8aea-4bc0-8839-dc6c4bde449d with 3 files
[Information] EpisodeIdentifier.Core.Services.FileDiscoveryService: Validating 3 paths
[Information] EpisodeIdentifier.Core.Services.FileDiscoveryService: Path validation completed: 3 accessible, 0 inaccessible
[Information] EpisodeIdentifier.Core.Services.FileDiscoveryService: Estimating file count for 3 paths
[Information] EpisodeIdentifier.Core.Services.FileDiscoveryService: Starting file discovery for 3 paths
[Information] EpisodeIdentifier.Core.Services.FileDiscoveryService: Estimated 3 files
[Information] EpisodeIdentifier.Core.Services.FileDiscoveryService: Starting file discovery for 3 paths
[Information] EpisodeIdentifier.Core.Services.BulkProcessorService: Discovered 3 files for request 3657070d-8aea-4bc0-8839-dc6c4bde449d
[Information] EpisodeIdentifier.Core.Services.BulkProcessorService: Starting batch processing: 3 files in 1 batches of 100 files each
[Information] EpisodeIdentifier.Core.Services.VideoFormatValidator: Validating AV1 encoding for /mnt/c/Users/Ragma/KnowShow_Specd/tests/integration/bin/Debug/net8.0/Test1.S01E01.mkv
[Warning] EpisodeIdentifier.Core.Services.VideoFormatValidator: ffprobe failed with exit code 1
[Information] EpisodeIdentifier.Core.Services.BulkProcessorService: Non-fatal identification error for /mnt/c/Users/Ragma/KnowShow_Specd/tests/integration/bin/Debug/net8.0/Test1.S01E01.mkv: UNSUPPORTED_FILE_TYPE - treating as processed in bulk mode
[Information] EpisodeIdentifier.Core.Services.VideoFormatValidator: Validating AV1 encoding for /mnt/c/Users/Ragma/KnowShow_Specd/tests/integration/bin/Debug/net8.0/Test2.S01E02.mkv
[Warning] EpisodeIdentifier.Core.Services.VideoFormatValidator: ffprobe failed with exit code 1
[Information] EpisodeIdentifier.Core.Services.BulkProcessorService: Non-fatal identification error for /mnt/c/Users/Ragma/KnowShow_Specd/tests/integration/bin/Debug/net8.0/Test2.S01E02.mkv: UNSUPPORTED_FILE_TYPE - treating as processed in bulk mode
[Information] EpisodeIdentifier.Core.Services.VideoFormatValidator: Validating AV1 encoding for /mnt/c/Users/Ragma/KnowShow_Specd/tests/integration/bin/Debug/net8.0/Test3.S01E03.mkv
[Warning] EpisodeIdentifier.Core.Services.VideoFormatValidator: ffprobe failed with exit code 1
[Information] EpisodeIdentifier.Core.Services.BulkProcessorService: Non-fatal identification error for /mnt/c/Users/Ragma/KnowShow_Specd/tests/integration/bin/Debug/net8.0/Test3.S01E03.mkv: UNSUPPORTED_FILE_TYPE - treating as processed in bulk mode
[Information] EpisodeIdentifier.Core.Services.BulkProcessorService: Batch processing statistics for request 3657070d-8aea-4bc0-8839-dc6c4bde449d: 1 batches (1 successful), 3 files processed in 406.8ms (avg 406.8ms per batch), total memory used: 4,498,592 bytes
[Information] EpisodeIdentifier.Core.Services.ProgressTracker: Marking request 3657070d-8aea-4bc0-8839-dc6c4bde449d as completed with status Completed
[Information] EpisodeIdentifier.Core.Services.BulkProcessorService: Bulk processing completed for request 3657070d-8aea-4bc0-8839-dc6c4bde449d: Completed, 3 processed, 0 failed, 0 skipped in 00:00:00.4922666</StdOut>
      </Output>
    </UnitTestResult>
    <UnitTestResult executionId="f1c20fe2-e421-4bed-9e49-87f45f4db5cd" testId="f50e7700-9f0d-313e-eef1-47708e04b72a" testName="EpisodeIdentifier.Tests.Integration.ConfigHotReloadTests.HotReload_DuringFileProcessing_DetectsConfigChanges" computerName="Freebie" duration="00:00:02.3069253" startTime="2025-09-20T10:53:06.5927379-07:00" endTime="2025-09-20T10:53:06.5927381-07:00" testType="13cdc9d9-ddb5-4fa4-a97d-d965ccfc6d4b" outcome="Passed" testListId="8c84fa94-04c1-424b-9868-57a2d4851a1d" relativeResultsDirectory="f1c20fe2-e421-4bed-9e49-87f45f4db5cd" />
    <UnitTestResult executionId="31d82c92-8701-43ad-a9f9-822f37bedb19" testId="f9c4d39d-53d8-9efc-9fd0-bf7323abe03b" testName="EpisodeIdentifier.Tests.Integration.HotReloadDuringProcessingIntegrationTests.HotReload_FileSystemWatcher_ShouldDetectConfigurationChanges" computerName="Freebie" duration="00:00:00.0567651" startTime="2025-09-20T10:53:05.3397352-07:00" endTime="2025-09-20T10:53:05.3397354-07:00" testType="13cdc9d9-ddb5-4fa4-a97d-d965ccfc6d4b" outcome="Passed" testListId="8c84fa94-04c1-424b-9868-57a2d4851a1d" relativeResultsDirectory="31d82c92-8701-43ad-a9f9-822f37bedb19">
      <Output>
        <StdOut>[Information] EpisodeIdentifier.Core.Services.ConfigurationService: ConfigurationService initialized with path: /mnt/c/Users/Ragma/KnowShow_Specd/tests/integration/bin/Debug/net8.0/episodeidentifier.config.json
[Information] EpisodeIdentifier.Core.Services.ConfigurationService: Starting configuration load operation 52930284 from /mnt/c/Users/Ragma/KnowShow_Specd/tests/integration/bin/Debug/net8.0/episodeidentifier.config.json
[Information] EpisodeIdentifier.Core.Services.ConfigurationService: Configuration validation successful - Operation: 01cc7727-3829-4ccf-bb13-c49fe02360f1, Duration: 0ms, ValidationRules: ConfigurationValidator
[Information] EpisodeIdentifier.Core.Services.ConfigurationService: Configuration loaded successfully - Operation: 52930284, Path: /mnt/c/Users/Ragma/KnowShow_Specd/tests/integration/bin/Debug/net8.0/episodeidentifier.config.json, Duration: 6ms, Version: 2.0, HashingAlgorithm: CTPH, MatchThreshold: 80.0 %, RenameThreshold: 85.0 %, FuzzyHashThreshold: 75, MaxConcurrency: 2
[Information] EpisodeIdentifier.Core.Services.ConfigurationService: Starting configuration load operation c783fc13 from /mnt/c/Users/Ragma/KnowShow_Specd/tests/integration/bin/Debug/net8.0/episodeidentifier.config.json
[Information] EpisodeIdentifier.Core.Services.ConfigurationService: Configuration validation successful - Operation: 46e18f33-a012-4d43-8bb6-5ce0f7228632, Duration: 0ms, ValidationRules: ConfigurationValidator
[Information] EpisodeIdentifier.Core.Services.ConfigurationService: Configuration loaded successfully - Operation: c783fc13, Path: /mnt/c/Users/Ragma/KnowShow_Specd/tests/integration/bin/Debug/net8.0/episodeidentifier.config.json, Duration: 4ms, Version: 2.0, HashingAlgorithm: CTPH, MatchThreshold: 80.0 %, RenameThreshold: 85.0 %, FuzzyHashThreshold: 75, MaxConcurrency: 5</StdOut>
      </Output>
    </UnitTestResult>
    <UnitTestResult executionId="9339238a-3d88-449d-92a1-8e54f3f87fc9" testId="5e1646b7-ef52-ebed-6081-77735a28485d" testName="EpisodeIdentifier.Tests.Integration.SingleFileProcessingIntegrationTests.ProcessSingleFile_FilenamePatternMatching_ShouldRespectConfiguration(filename: &quot;Series.Name.S02E15.720p.mkv&quot;, shouldMatch: True)" computerName="Freebie" duration="00:00:00.5270318" startTime="2025-09-20T10:53:03.0727168-07:00" endTime="2025-09-20T10:53:03.0727170-07:00" testType="13cdc9d9-ddb5-4fa4-a97d-d965ccfc6d4b" outcome="Passed" testListId="8c84fa94-04c1-424b-9868-57a2d4851a1d" relativeResultsDirectory="9339238a-3d88-449d-92a1-8e54f3f87fc9">
      <Output>
        <StdOut>[Information] EpisodeIdentifier.Core.Services.ConfigurationService: ConfigurationService initialized with path: /mnt/c/Users/Ragma/KnowShow_Specd/tests/integration/bin/Debug/net8.0/episodeidentifier.config.json
[Information] EpisodeIdentifier.Core.Services.ConfigurationService: ConfigurationService initialized with path: /mnt/c/Users/Ragma/KnowShow_Specd/tests/integration/bin/Debug/net8.0/episodeidentifier.config.json
[Information] EpisodeIdentifier.Core.Services.ConfigurationService: Starting configuration load operation 4ef28c5f from /mnt/c/Users/Ragma/KnowShow_Specd/tests/integration/bin/Debug/net8.0/episodeidentifier.config.json
[Warning] EpisodeIdentifier.Core.Services.ConfigurationService: Strict JSON parsing failed, attempting lenient legacy parse - Operation: 4ef28c5f, Path: /mnt/c/Users/Ragma/KnowShow_Specd/tests/integration/bin/Debug/net8.0/episodeidentifier.config.json, Error: The JSON value could not be converted to EpisodeIdentifier.Core.Models.Configuration.FilenamePatterns. Path: $.FilenamePatterns | LineNumber: 7 | BytePositionInLine: 25.
[Information] EpisodeIdentifier.Core.Services.ConfigurationService: Configuration parsed using lenient legacy parser - Operation: 4ef28c5f
[Information] EpisodeIdentifier.Core.Services.ConfigurationService: Configuration validation successful - Operation: 07a3e913-0fa0-4b49-be08-03a31c42b0ed, Duration: 3ms, ValidationRules: ConfigurationValidator
[Information] EpisodeIdentifier.Core.Services.ConfigurationService: Configuration loaded successfully - Operation: 4ef28c5f, Path: /mnt/c/Users/Ragma/KnowShow_Specd/tests/integration/bin/Debug/net8.0/episodeidentifier.config.json, Duration: 23ms, Version: 2.0, HashingAlgorithm: CTPH, MatchThreshold: 80.0 %, RenameThreshold: 85.0 %, FuzzyHashThreshold: 75, MaxConcurrency: 1
[Information] EpisodeIdentifier.Core.Services.BulkProcessorService: Starting bulk processing for request 623fd724-e15d-43de-ae35-cb8b669e9fdc with 1 paths
[Information] EpisodeIdentifier.Core.Services.ProgressTracker: Initializing progress tracker for request 623fd724-e15d-43de-ae35-cb8b669e9fdc with 1 files
[Information] EpisodeIdentifier.Core.Services.FileDiscoveryService: Validating 1 paths
[Information] EpisodeIdentifier.Core.Services.FileDiscoveryService: Path validation completed: 1 accessible, 0 inaccessible
[Information] EpisodeIdentifier.Core.Services.FileDiscoveryService: Estimating file count for 1 paths
[Information] EpisodeIdentifier.Core.Services.FileDiscoveryService: Starting file discovery for 1 paths
[Information] EpisodeIdentifier.Core.Services.FileDiscoveryService: Estimated 1 files
[Information] EpisodeIdentifier.Core.Services.FileDiscoveryService: Starting file discovery for 1 paths
[Information] EpisodeIdentifier.Core.Services.BulkProcessorService: Discovered 1 files for request 623fd724-e15d-43de-ae35-cb8b669e9fdc
[Information] EpisodeIdentifier.Core.Services.BulkProcessorService: Starting batch processing: 1 files in 1 batches of 100 files each
[Information] EpisodeIdentifier.Core.Services.VideoFormatValidator: Validating AV1 encoding for /mnt/c/Users/Ragma/KnowShow_Specd/tests/integration/bin/Debug/net8.0/Series.Name.S02E15.720p.mkv
[Warning] EpisodeIdentifier.Core.Services.VideoFormatValidator: ffprobe failed with exit code 1
[Information] EpisodeIdentifier.Core.Services.BulkProcessorService: Non-fatal identification error for /mnt/c/Users/Ragma/KnowShow_Specd/tests/integration/bin/Debug/net8.0/Series.Name.S02E15.720p.mkv: UNSUPPORTED_FILE_TYPE - treating as processed in bulk mode
[Information] EpisodeIdentifier.Core.Services.BulkProcessorService: Batch processing statistics for request 623fd724-e15d-43de-ae35-cb8b669e9fdc: 1 batches (1 successful), 1 files processed in 218.0ms (avg 218.0ms per batch), total memory used: 2,308,344 bytes
[Information] EpisodeIdentifier.Core.Services.ProgressTracker: Marking request 623fd724-e15d-43de-ae35-cb8b669e9fdc as completed with status Completed
[Information] EpisodeIdentifier.Core.Services.BulkProcessorService: Bulk processing completed for request 623fd724-e15d-43de-ae35-cb8b669e9fdc: Completed, 1 processed, 0 failed, 0 skipped in 00:00:00.4436330</StdOut>
      </Output>
    </UnitTestResult>
    <UnitTestResult executionId="56fa8d4b-0c66-4e37-bf14-6dea66349070" testId="9f6aa657-12cd-6ad4-f670-893bb147f3fd" testName="EpisodeIdentifier.Tests.Integration.DatabaseConnectionPoolingTests.DatabaseOperations_UnderMemoryPressure_ShouldMaintainPerformance" computerName="Freebie" duration="00:00:01.9942483" startTime="2025-09-20T10:53:03.5139651-07:00" endTime="2025-09-20T10:53:03.5139653-07:00" testType="13cdc9d9-ddb5-4fa4-a97d-d965ccfc6d4b" outcome="Passed" testListId="8c84fa94-04c1-424b-9868-57a2d4851a1d" relativeResultsDirectory="56fa8d4b-0c66-4e37-bf14-6dea66349070" />
    <UnitTestResult executionId="dd86bd3c-90ed-46ac-861f-d75c7201233b" testId="f9d8cf2d-853c-1e62-b917-185de58ebdd5" testName="EpisodeIdentifier.Tests.Integration.Services.FileDiscoveryServiceIntegrationTests.ValidatePathsAsync_WithRealPaths_ShouldValidateCorrectly" computerName="Freebie" duration="00:00:00.0317554" startTime="2025-09-20T10:53:01.8457330-07:00" endTime="2025-09-20T10:53:01.8457332-07:00" testType="13cdc9d9-ddb5-4fa4-a97d-d965ccfc6d4b" outcome="Passed" testListId="8c84fa94-04c1-424b-9868-57a2d4851a1d" relativeResultsDirectory="dd86bd3c-90ed-46ac-861f-d75c7201233b" />
    <UnitTestResult executionId="6e1b19c8-ab9c-45d0-b813-a9d4d89645bc" testId="7766ed99-e9a2-6bc5-91ea-62f174762ee4" testName="EpisodeIdentifier.Tests.Integration.SingleFileProcessingIntegrationTests.ProcessSingleFile_MissingConfigurationFile_ShouldUseDefaults" computerName="Freebie" duration="00:00:00.0357074" startTime="2025-09-20T10:53:04.1035494-07:00" endTime="2025-09-20T10:53:04.1035497-07:00" testType="13cdc9d9-ddb5-4fa4-a97d-d965ccfc6d4b" outcome="Passed" testListId="8c84fa94-04c1-424b-9868-57a2d4851a1d" relativeResultsDirectory="6e1b19c8-ab9c-45d0-b813-a9d4d89645bc">
      <Output>
        <StdOut>[Information] EpisodeIdentifier.Core.Services.ConfigurationService: ConfigurationService initialized with path: /mnt/c/Users/Ragma/KnowShow_Specd/tests/integration/bin/Debug/net8.0/nonexistent.config.json
[Information] EpisodeIdentifier.Core.Services.ConfigurationService: ConfigurationService initialized with path: /mnt/c/Users/Ragma/KnowShow_Specd/tests/integration/bin/Debug/net8.0/episodeidentifier.config.json
[Information] EpisodeIdentifier.Core.Services.ConfigurationService: Starting configuration load operation be9bc313 from /mnt/c/Users/Ragma/KnowShow_Specd/tests/integration/bin/Debug/net8.0/nonexistent.config.json
[Warning] EpisodeIdentifier.Core.Services.ConfigurationService: Configuration file not found - Operation: be9bc313, Path: /mnt/c/Users/Ragma/KnowShow_Specd/tests/integration/bin/Debug/net8.0/nonexistent.config.json, Duration: 0ms</StdOut>
      </Output>
    </UnitTestResult>
    <UnitTestResult executionId="5fbbe7c6-16c6-497b-98a2-36285bd68e8a" testId="aa6308ce-bb35-2496-bb40-b222651e5a83" testName="EpisodeIdentifier.Tests.Integration.ConfigHotReloadTests.HotReload_WithFileSystemPermissionChanges_HandlesGracefully" computerName="Freebie" duration="00:00:00.0728023" startTime="2025-09-20T10:53:06.6661435-07:00" endTime="2025-09-20T10:53:06.6661438-07:00" testType="13cdc9d9-ddb5-4fa4-a97d-d965ccfc6d4b" outcome="Passed" testListId="8c84fa94-04c1-424b-9868-57a2d4851a1d" relativeResultsDirectory="5fbbe7c6-16c6-497b-98a2-36285bd68e8a" />
    <UnitTestResult executionId="dab80155-efcd-48f9-8c37-4d31102e152e" testId="a50f3e05-713b-770f-6c97-cd3a3825956c" testName="EpisodeIdentifier.Tests.Integration.ConfigurationLoadingTests.LoadConfiguration_WithMissingRequiredFields_ReturnsValidationErrors" computerName="Freebie" duration="00:00:01.1997881" startTime="2025-09-20T10:53:02.7307002-07:00" endTime="2025-09-20T10:53:02.7307004-07:00" testType="13cdc9d9-ddb5-4fa4-a97d-d965ccfc6d4b" outcome="Passed" testListId="8c84fa94-04c1-424b-9868-57a2d4851a1d" relativeResultsDirectory="dab80155-efcd-48f9-8c37-4d31102e152e" />
    <UnitTestResult executionId="7849f890-699f-4711-a1aa-e6e54b6ba683" testId="014e5030-c389-ff68-4155-fe9715557a2a" testName="EpisodeIdentifier.Tests.Integration.FilenameRecommendationTests.HighConfidenceWithLongNames_GeneratesTruncatedFilename" computerName="Freebie" duration="00:00:00.0142872" startTime="2025-09-20T10:53:02.5334834-07:00" endTime="2025-09-20T10:53:02.5334835-07:00" testType="13cdc9d9-ddb5-4fa4-a97d-d965ccfc6d4b" outcome="Passed" testListId="8c84fa94-04c1-424b-9868-57a2d4851a1d" relativeResultsDirectory="7849f890-699f-4711-a1aa-e6e54b6ba683" />
    <UnitTestResult executionId="40ad3ca2-bd17-4d44-ab21-eaab65fb747a" testId="a348b9e8-73bc-4a94-2fa8-aceda0f5f2ff" testName="EpisodeIdentifier.Tests.Integration.HotReloadDuringProcessingIntegrationTests.HotReload_ConcurrencyIncrease_ShouldApplyToSubsequentBatches" computerName="Freebie" duration="00:00:01.0743126" startTime="2025-09-20T10:53:04.9245976-07:00" endTime="2025-09-20T10:53:04.9245979-07:00" testType="13cdc9d9-ddb5-4fa4-a97d-d965ccfc6d4b" outcome="Passed" testListId="8c84fa94-04c1-424b-9868-57a2d4851a1d" relativeResultsDirectory="40ad3ca2-bd17-4d44-ab21-eaab65fb747a">
      <Output>
        <StdOut>[Information] EpisodeIdentifier.Core.Services.ConfigurationService: ConfigurationService initialized with path: /mnt/c/Users/Ragma/KnowShow_Specd/tests/integration/bin/Debug/net8.0/episodeidentifier.config.json
[Information] EpisodeIdentifier.Core.Services.ConfigurationService: ConfigurationService initialized with path: /mnt/c/Users/Ragma/KnowShow_Specd/tests/integration/bin/Debug/net8.0/episodeidentifier.config.json
[Information] EpisodeIdentifier.Core.Services.ConfigurationService: Starting configuration load operation ba710c1b from /mnt/c/Users/Ragma/KnowShow_Specd/tests/integration/bin/Debug/net8.0/episodeidentifier.config.json
[Information] EpisodeIdentifier.Core.Services.ConfigurationService: Configuration validation successful - Operation: 86fff374-22c3-48db-b78e-7b81a5a1c100, Duration: 1ms, ValidationRules: ConfigurationValidator
[Information] EpisodeIdentifier.Core.Services.ConfigurationService: Configuration loaded successfully - Operation: ba710c1b, Path: /mnt/c/Users/Ragma/KnowShow_Specd/tests/integration/bin/Debug/net8.0/episodeidentifier.config.json, Duration: 7ms, Version: 2.0, HashingAlgorithm: CTPH, MatchThreshold: 80.0 %, RenameThreshold: 85.0 %, FuzzyHashThreshold: 75, MaxConcurrency: 1
[Information] EpisodeIdentifier.Core.Services.BulkProcessorService: Starting bulk processing for request 13b991c2-4643-4c80-bfca-dc14e7c863c1 with 6 paths
[Information] EpisodeIdentifier.Core.Services.ProgressTracker: Initializing progress tracker for request 13b991c2-4643-4c80-bfca-dc14e7c863c1 with 6 files
[Information] EpisodeIdentifier.Core.Services.FileDiscoveryService: Validating 6 paths
[Information] EpisodeIdentifier.Core.Services.FileDiscoveryService: Path validation completed: 6 accessible, 0 inaccessible
[Information] EpisodeIdentifier.Core.Services.FileDiscoveryService: Estimating file count for 6 paths
[Information] EpisodeIdentifier.Core.Services.FileDiscoveryService: Starting file discovery for 6 paths
[Information] EpisodeIdentifier.Core.Services.FileDiscoveryService: Estimated 6 files
[Information] EpisodeIdentifier.Core.Services.FileDiscoveryService: Starting file discovery for 6 paths
[Information] EpisodeIdentifier.Core.Services.BulkProcessorService: Discovered 6 files for request 13b991c2-4643-4c80-bfca-dc14e7c863c1
[Information] EpisodeIdentifier.Core.Services.BulkProcessorService: Starting batch processing: 6 files in 1 batches of 100 files each
[Information] EpisodeIdentifier.Core.Services.VideoFormatValidator: Validating AV1 encoding for /mnt/c/Users/Ragma/KnowShow_Specd/tests/integration/bin/Debug/net8.0/Series.S01E01.mkv
[Warning] EpisodeIdentifier.Core.Services.VideoFormatValidator: ffprobe failed with exit code 1
[Information] EpisodeIdentifier.Core.Services.BulkProcessorService: Non-fatal identification error for /mnt/c/Users/Ragma/KnowShow_Specd/tests/integration/bin/Debug/net8.0/Series.S01E01.mkv: UNSUPPORTED_FILE_TYPE - treating as processed in bulk mode
[Information] EpisodeIdentifier.Core.Services.VideoFormatValidator: Validating AV1 encoding for /mnt/c/Users/Ragma/KnowShow_Specd/tests/integration/bin/Debug/net8.0/Series.S01E02.mkv
[Warning] EpisodeIdentifier.Core.Services.VideoFormatValidator: ffprobe failed with exit code 1
[Information] EpisodeIdentifier.Core.Services.BulkProcessorService: Non-fatal identification error for /mnt/c/Users/Ragma/KnowShow_Specd/tests/integration/bin/Debug/net8.0/Series.S01E02.mkv: UNSUPPORTED_FILE_TYPE - treating as processed in bulk mode
[Information] EpisodeIdentifier.Core.Services.VideoFormatValidator: Validating AV1 encoding for /mnt/c/Users/Ragma/KnowShow_Specd/tests/integration/bin/Debug/net8.0/Series.S01E03.mkv
[Warning] EpisodeIdentifier.Core.Services.VideoFormatValidator: ffprobe failed with exit code 1
[Information] EpisodeIdentifier.Core.Services.BulkProcessorService: Non-fatal identification error for /mnt/c/Users/Ragma/KnowShow_Specd/tests/integration/bin/Debug/net8.0/Series.S01E03.mkv: UNSUPPORTED_FILE_TYPE - treating as processed in bulk mode
[Information] EpisodeIdentifier.Core.Services.VideoFormatValidator: Validating AV1 encoding for /mnt/c/Users/Ragma/KnowShow_Specd/tests/integration/bin/Debug/net8.0/Series.S01E04.mkv
[Warning] EpisodeIdentifier.Core.Services.VideoFormatValidator: ffprobe failed with exit code 1
[Information] EpisodeIdentifier.Core.Services.BulkProcessorService: Non-fatal identification error for /mnt/c/Users/Ragma/KnowShow_Specd/tests/integration/bin/Debug/net8.0/Series.S01E04.mkv: UNSUPPORTED_FILE_TYPE - treating as processed in bulk mode
[Information] EpisodeIdentifier.Core.Services.VideoFormatValidator: Validating AV1 encoding for /mnt/c/Users/Ragma/KnowShow_Specd/tests/integration/bin/Debug/net8.0/Series.S01E05.mkv
[Warning] EpisodeIdentifier.Core.Services.VideoFormatValidator: ffprobe failed with exit code 1
[Information] EpisodeIdentifier.Core.Services.BulkProcessorService: Non-fatal identification error for /mnt/c/Users/Ragma/KnowShow_Specd/tests/integration/bin/Debug/net8.0/Series.S01E05.mkv: UNSUPPORTED_FILE_TYPE - treating as processed in bulk mode
[Information] EpisodeIdentifier.Core.Services.VideoFormatValidator: Validating AV1 encoding for /mnt/c/Users/Ragma/KnowShow_Specd/tests/integration/bin/Debug/net8.0/Series.S01E06.mkv
[Warning] EpisodeIdentifier.Core.Services.VideoFormatValidator: ffprobe failed with exit code 1
[Information] EpisodeIdentifier.Core.Services.BulkProcessorService: Non-fatal identification error for /mnt/c/Users/Ragma/KnowShow_Specd/tests/integration/bin/Debug/net8.0/Series.S01E06.mkv: UNSUPPORTED_FILE_TYPE - treating as processed in bulk mode
[Information] EpisodeIdentifier.Core.Services.BulkProcessorService: Batch processing statistics for request 13b991c2-4643-4c80-bfca-dc14e7c863c1: 1 batches (1 successful), 6 files processed in 943.6ms (avg 943.6ms per batch), total memory used: 0 bytes
[Information] EpisodeIdentifier.Core.Services.ProgressTracker: Marking request 13b991c2-4643-4c80-bfca-dc14e7c863c1 as completed with status Completed
[Information] EpisodeIdentifier.Core.Services.BulkProcessorService: Bulk processing completed for request 13b991c2-4643-4c80-bfca-dc14e7c863c1: Completed, 6 processed, 0 failed, 0 skipped in 00:00:01.0294703
[Information] EpisodeIdentifier.Core.Services.ConfigurationService: Starting configuration load operation a58c4c51 from /mnt/c/Users/Ragma/KnowShow_Specd/tests/integration/bin/Debug/net8.0/episodeidentifier.config.json
[Information] EpisodeIdentifier.Core.Services.ConfigurationService: Configuration validation successful - Operation: da145770-67ad-4ea8-b8e2-10bf26a29fa0, Duration: 2ms, ValidationRules: ConfigurationValidator
[Information] EpisodeIdentifier.Core.Services.ConfigurationService: Configuration loaded successfully - Operation: a58c4c51, Path: /mnt/c/Users/Ragma/KnowShow_Specd/tests/integration/bin/Debug/net8.0/episodeidentifier.config.json, Duration: 7ms, Version: 2.0, HashingAlgorithm: CTPH, MatchThreshold: 80.0 %, RenameThreshold: 85.0 %, FuzzyHashThreshold: 75, MaxConcurrency: 5</StdOut>
      </Output>
    </UnitTestResult>
    <UnitTestResult executionId="ab6dfc6a-f89c-4fe9-bb08-64cfeeabfca6" testId="e32b975c-92b1-57a5-74cb-b4323f788c62" testName="EpisodeIdentifier.Tests.Integration.ConfigHotReloadTests.HotReload_PerFileProcessingCycle_LoadsConfigOnce" computerName="Freebie" duration="00:00:00.4453399" startTime="2025-09-20T10:53:07.1125334-07:00" endTime="2025-09-20T10:53:07.1125337-07:00" testType="13cdc9d9-ddb5-4fa4-a97d-d965ccfc6d4b" outcome="Passed" testListId="8c84fa94-04c1-424b-9868-57a2d4851a1d" relativeResultsDirectory="ab6dfc6a-f89c-4fe9-bb08-64cfeeabfca6" />
    <UnitTestResult executionId="e4a3662d-5c95-494b-a775-6b31dc584c6d" testId="38c91156-aef3-bf54-2d13-38986ecc31ed" testName="EpisodeIdentifier.Tests.Integration.SrtWorkflowTests.FormatHandlers_CreatedCorrectly_SupportExpectedFormats" computerName="Freebie" duration="00:00:00.0556213" startTime="2025-09-20T10:53:02.6960944-07:00" endTime="2025-09-20T10:53:02.6960945-07:00" testType="13cdc9d9-ddb5-4fa4-a97d-d965ccfc6d4b" outcome="Passed" testListId="8c84fa94-04c1-424b-9868-57a2d4851a1d" relativeResultsDirectory="e4a3662d-5c95-494b-a775-6b31dc584c6d" />
    <UnitTestResult executionId="bded651b-245e-4c97-a4b0-fe21a0c519c9" testId="b91d58e9-2ec3-4514-21e5-0037752a8096" testName="EpisodeIdentifier.Tests.Integration.FuzzyHashWorkflowTests.ComputeAndCompareFuzzyHashes_WithSimilarFiles_ReturnsModerateScore" computerName="Freebie" duration="00:00:00.6337227" startTime="2025-09-20T10:53:04.6947660-07:00" endTime="2025-09-20T10:53:04.6947678-07:00" testType="13cdc9d9-ddb5-4fa4-a97d-d965ccfc6d4b" outcome="Passed" testListId="8c84fa94-04c1-424b-9868-57a2d4851a1d" relativeResultsDirectory="bded651b-245e-4c97-a4b0-fe21a0c519c9" />
    <UnitTestResult executionId="2ce30f0c-56b5-4eb8-9021-89b9ae170d2a" testId="ecc5553e-4ca1-7197-cefe-23263e69c6b2" testName="EpisodeIdentifier.Tests.Integration.ConfigurationIntegrationTests.LoadConfiguration_WithInvalidBulkProcessingSettings_ShouldFailValidation" computerName="Freebie" duration="00:00:00.6433349" startTime="2025-09-20T10:53:02.1609367-07:00" endTime="2025-09-20T10:53:02.1609370-07:00" testType="13cdc9d9-ddb5-4fa4-a97d-d965ccfc6d4b" outcome="Passed" testListId="8c84fa94-04c1-424b-9868-57a2d4851a1d" relativeResultsDirectory="2ce30f0c-56b5-4eb8-9021-89b9ae170d2a" />
    <UnitTestResult executionId="1be21e8e-db21-44b3-bb5a-e6641befd3a2" testId="de3f3b93-99da-ea87-e637-8430eab50da2" testName="EpisodeIdentifier.Tests.Integration.FileRenameIntegrationTests.RenameFlag_WithHighConfidenceMatch_RenamesFileSuccessfully" computerName="Freebie" duration="00:00:00.0118768" startTime="2025-09-20T10:53:02.5180085-07:00" endTime="2025-09-20T10:53:02.5180086-07:00" testType="13cdc9d9-ddb5-4fa4-a97d-d965ccfc6d4b" outcome="Passed" testListId="8c84fa94-04c1-424b-9868-57a2d4851a1d" relativeResultsDirectory="1be21e8e-db21-44b3-bb5a-e6641befd3a2" />
    <UnitTestResult executionId="6d40556a-f2f6-4923-ab53-2b10d234c16a" testId="866df68a-9d27-f0de-6dd1-4cb7b3b01855" testName="EpisodeIdentifier.Tests.Integration.ErrorHandlingConcurrentIntegrationTests.HighConcurrency_FileSystemErrors_ShouldMaintainStability" computerName="Freebie" duration="00:00:00.6427942" startTime="2025-09-20T10:53:04.7120058-07:00" endTime="2025-09-20T10:53:04.7120060-07:00" testType="13cdc9d9-ddb5-4fa4-a97d-d965ccfc6d4b" outcome="Passed" testListId="8c84fa94-04c1-424b-9868-57a2d4851a1d" relativeResultsDirectory="6d40556a-f2f6-4923-ab53-2b10d234c16a">
      <Output>
        <StdOut>[Information] EpisodeIdentifier.Core.Services.ConfigurationService: ConfigurationService initialized with path: /mnt/c/Users/Ragma/KnowShow_Specd/tests/integration/bin/Debug/net8.0/episodeidentifier.config.json
[Information] EpisodeIdentifier.Core.Services.ConfigurationService: ConfigurationService initialized with path: /mnt/c/Users/Ragma/KnowShow_Specd/tests/integration/bin/Debug/net8.0/episodeidentifier.config.json
[Information] EpisodeIdentifier.Core.Services.BulkProcessorService: Starting bulk processing for request 3f7263f3-e196-4edb-a301-7e8a8a7ae515 with 20 paths
[Information] EpisodeIdentifier.Core.Services.ProgressTracker: Initializing progress tracker for request 3f7263f3-e196-4edb-a301-7e8a8a7ae515 with 20 files
[Information] EpisodeIdentifier.Core.Services.FileDiscoveryService: Validating 20 paths
[Information] EpisodeIdentifier.Core.Services.FileDiscoveryService: Path validation completed: 15 accessible, 5 inaccessible
[Warning] EpisodeIdentifier.Core.Services.BulkProcessorService: Proceeding with processing for 3f7263f3-e196-4edb-a301-7e8a8a7ae515 despite 5 non-fatal validation errors (ContinueOnError enabled)
[Information] EpisodeIdentifier.Core.Services.FileDiscoveryService: Estimating file count for 20 paths
[Information] EpisodeIdentifier.Core.Services.FileDiscoveryService: Starting file discovery for 20 paths
[Warning] EpisodeIdentifier.Core.Services.FileDiscoveryService: Path does not exist: /mnt/c/Users/Ragma/KnowShow_Specd/tests/integration/bin/Debug/net8.0/Test.S01E01.mkv
[Error] EpisodeIdentifier.Core.Services.BulkProcessorService: Failed to estimate processing requirements for request 3f7263f3-e196-4edb-a301-7e8a8a7ae515
[Warning] EpisodeIdentifier.Core.Services.BulkProcessorService: Estimation encountered an error for 3f7263f3-e196-4edb-a301-7e8a8a7ae515; continuing due to ContinueOnError
[Information] EpisodeIdentifier.Core.Services.FileDiscoveryService: Starting file discovery for 15 paths
[Information] EpisodeIdentifier.Core.Services.BulkProcessorService: Discovered 15 files for request 3f7263f3-e196-4edb-a301-7e8a8a7ae515
[Information] EpisodeIdentifier.Core.Services.BulkProcessorService: Starting batch processing: 15 files in 1 batches of 100 files each
[Information] EpisodeIdentifier.Core.Services.VideoFormatValidator: Validating AV1 encoding for /mnt/c/Users/Ragma/KnowShow_Specd/tests/integration/bin/Debug/net8.0/Test.S01E02.mkv
[Information] EpisodeIdentifier.Core.Services.VideoFormatValidator: Validating AV1 encoding for /mnt/c/Users/Ragma/KnowShow_Specd/tests/integration/bin/Debug/net8.0/Test.S01E03.mkv
[Information] EpisodeIdentifier.Core.Services.VideoFormatValidator: Validating AV1 encoding for /mnt/c/Users/Ragma/KnowShow_Specd/tests/integration/bin/Debug/net8.0/Test.S01E04.mkv
[Information] EpisodeIdentifier.Core.Services.VideoFormatValidator: Validating AV1 encoding for /mnt/c/Users/Ragma/KnowShow_Specd/tests/integration/bin/Debug/net8.0/Test.S01E06.mkv
[Information] EpisodeIdentifier.Core.Services.VideoFormatValidator: Validating AV1 encoding for /mnt/c/Users/Ragma/KnowShow_Specd/tests/integration/bin/Debug/net8.0/Test.S01E07.mkv
[Information] EpisodeIdentifier.Core.Services.VideoFormatValidator: Validating AV1 encoding for /mnt/c/Users/Ragma/KnowShow_Specd/tests/integration/bin/Debug/net8.0/Test.S01E08.mkv
[Information] EpisodeIdentifier.Core.Services.VideoFormatValidator: Validating AV1 encoding for /mnt/c/Users/Ragma/KnowShow_Specd/tests/integration/bin/Debug/net8.0/Test.S01E10.mkv
[Information] EpisodeIdentifier.Core.Services.VideoFormatValidator: Validating AV1 encoding for /mnt/c/Users/Ragma/KnowShow_Specd/tests/integration/bin/Debug/net8.0/Test.S01E11.mkv
[Warning] EpisodeIdentifier.Core.Services.VideoFormatValidator: ffprobe failed with exit code 1
[Information] EpisodeIdentifier.Core.Services.BulkProcessorService: Non-fatal identification error for /mnt/c/Users/Ragma/KnowShow_Specd/tests/integration/bin/Debug/net8.0/Test.S01E02.mkv: UNSUPPORTED_FILE_TYPE - treating as processed in bulk mode
[Warning] EpisodeIdentifier.Core.Services.VideoFormatValidator: ffprobe failed with exit code 1
[Information] EpisodeIdentifier.Core.Services.BulkProcessorService: Non-fatal identification error for /mnt/c/Users/Ragma/KnowShow_Specd/tests/integration/bin/Debug/net8.0/Test.S01E04.mkv: UNSUPPORTED_FILE_TYPE - treating as processed in bulk mode
[Information] EpisodeIdentifier.Core.Services.VideoFormatValidator: Validating AV1 encoding for /mnt/c/Users/Ragma/KnowShow_Specd/tests/integration/bin/Debug/net8.0/Test.S01E12.mkv
[Information] EpisodeIdentifier.Core.Services.VideoFormatValidator: Validating AV1 encoding for /mnt/c/Users/Ragma/KnowShow_Specd/tests/integration/bin/Debug/net8.0/Test.S01E14.mkv
[Warning] EpisodeIdentifier.Core.Services.VideoFormatValidator: ffprobe failed with exit code 1
[Information] EpisodeIdentifier.Core.Services.BulkProcessorService: Non-fatal identification error for /mnt/c/Users/Ragma/KnowShow_Specd/tests/integration/bin/Debug/net8.0/Test.S01E03.mkv: UNSUPPORTED_FILE_TYPE - treating as processed in bulk mode
[Warning] EpisodeIdentifier.Core.Services.VideoFormatValidator: ffprobe failed with exit code 1
[Warning] EpisodeIdentifier.Core.Services.VideoFormatValidator: ffprobe failed with exit code 1
[Information] EpisodeIdentifier.Core.Services.BulkProcessorService: Non-fatal identification error for /mnt/c/Users/Ragma/KnowShow_Specd/tests/integration/bin/Debug/net8.0/Test.S01E07.mkv: UNSUPPORTED_FILE_TYPE - treating as processed in bulk mode
[Information] EpisodeIdentifier.Core.Services.VideoFormatValidator: Validating AV1 encoding for /mnt/c/Users/Ragma/KnowShow_Specd/tests/integration/bin/Debug/net8.0/Test.S01E15.mkv
[Information] EpisodeIdentifier.Core.Services.BulkProcessorService: Non-fatal identification error for /mnt/c/Users/Ragma/KnowShow_Specd/tests/integration/bin/Debug/net8.0/Test.S01E06.mkv: UNSUPPORTED_FILE_TYPE - treating as processed in bulk mode
[Warning] EpisodeIdentifier.Core.Services.VideoFormatValidator: ffprobe failed with exit code 1
[Warning] EpisodeIdentifier.Core.Services.VideoFormatValidator: ffprobe failed with exit code 1
[Information] EpisodeIdentifier.Core.Services.BulkProcessorService: Non-fatal identification error for /mnt/c/Users/Ragma/KnowShow_Specd/tests/integration/bin/Debug/net8.0/Test.S01E10.mkv: UNSUPPORTED_FILE_TYPE - treating as processed in bulk mode
[Information] EpisodeIdentifier.Core.Services.BulkProcessorService: Non-fatal identification error for /mnt/c/Users/Ragma/KnowShow_Specd/tests/integration/bin/Debug/net8.0/Test.S01E08.mkv: UNSUPPORTED_FILE_TYPE - treating as processed in bulk mode
[Information] EpisodeIdentifier.Core.Services.VideoFormatValidator: Validating AV1 encoding for /mnt/c/Users/Ragma/KnowShow_Specd/tests/integration/bin/Debug/net8.0/Test.S01E18.mkv
[Information] EpisodeIdentifier.Core.Services.VideoFormatValidator: Validating AV1 encoding for /mnt/c/Users/Ragma/KnowShow_Specd/tests/integration/bin/Debug/net8.0/Test.S01E16.mkv
[Warning] EpisodeIdentifier.Core.Services.VideoFormatValidator: ffprobe failed with exit code 1
[Information] EpisodeIdentifier.Core.Services.VideoFormatValidator: Validating AV1 encoding for /mnt/c/Users/Ragma/KnowShow_Specd/tests/integration/bin/Debug/net8.0/Test.S01E19.mkv
[Information] EpisodeIdentifier.Core.Services.VideoFormatValidator: Validating AV1 encoding for /mnt/c/Users/Ragma/KnowShow_Specd/tests/integration/bin/Debug/net8.0/Test.S01E20.mkv
[Information] EpisodeIdentifier.Core.Services.BulkProcessorService: Non-fatal identification error for /mnt/c/Users/Ragma/KnowShow_Specd/tests/integration/bin/Debug/net8.0/Test.S01E11.mkv: UNSUPPORTED_FILE_TYPE - treating as processed in bulk mode
[Warning] EpisodeIdentifier.Core.Services.VideoFormatValidator: ffprobe failed with exit code 1
[Information] EpisodeIdentifier.Core.Services.BulkProcessorService: Non-fatal identification error for /mnt/c/Users/Ragma/KnowShow_Specd/tests/integration/bin/Debug/net8.0/Test.S01E12.mkv: UNSUPPORTED_FILE_TYPE - treating as processed in bulk mode
[Warning] EpisodeIdentifier.Core.Services.VideoFormatValidator: ffprobe failed with exit code 1
[Information] EpisodeIdentifier.Core.Services.BulkProcessorService: Non-fatal identification error for /mnt/c/Users/Ragma/KnowShow_Specd/tests/integration/bin/Debug/net8.0/Test.S01E14.mkv: UNSUPPORTED_FILE_TYPE - treating as processed in bulk mode
[Warning] EpisodeIdentifier.Core.Services.VideoFormatValidator: ffprobe failed with exit code 1
[Information] EpisodeIdentifier.Core.Services.BulkProcessorService: Non-fatal identification error for /mnt/c/Users/Ragma/KnowShow_Specd/tests/integration/bin/Debug/net8.0/Test.S01E19.mkv: UNSUPPORTED_FILE_TYPE - treating as processed in bulk mode
[Warning] EpisodeIdentifier.Core.Services.VideoFormatValidator: ffprobe failed with exit code 1
[Information] EpisodeIdentifier.Core.Services.BulkProcessorService: Non-fatal identification error for /mnt/c/Users/Ragma/KnowShow_Specd/tests/integration/bin/Debug/net8.0/Test.S01E15.mkv: UNSUPPORTED_FILE_TYPE - treating as processed in bulk mode
[Warning] EpisodeIdentifier.Core.Services.VideoFormatValidator: ffprobe failed with exit code 1
[Information] EpisodeIdentifier.Core.Services.BulkProcessorService: Non-fatal identification error for /mnt/c/Users/Ragma/KnowShow_Specd/tests/integration/bin/Debug/net8.0/Test.S01E16.mkv: UNSUPPORTED_FILE_TYPE - treating as processed in bulk mode
[Warning] EpisodeIdentifier.Core.Services.VideoFormatValidator: ffprobe failed with exit code 1
[Information] EpisodeIdentifier.Core.Services.BulkProcessorService: Non-fatal identification error for /mnt/c/Users/Ragma/KnowShow_Specd/tests/integration/bin/Debug/net8.0/Test.S01E20.mkv: UNSUPPORTED_FILE_TYPE - treating as processed in bulk mode
[Warning] EpisodeIdentifier.Core.Services.VideoFormatValidator: ffprobe failed with exit code 1
[Information] EpisodeIdentifier.Core.Services.BulkProcessorService: Non-fatal identification error for /mnt/c/Users/Ragma/KnowShow_Specd/tests/integration/bin/Debug/net8.0/Test.S01E18.mkv: UNSUPPORTED_FILE_TYPE - treating as processed in bulk mode
[Information] EpisodeIdentifier.Core.Services.BulkProcessorService: Batch processing statistics for request 3f7263f3-e196-4edb-a301-7e8a8a7ae515: 1 batches (1 successful), 15 files processed in 490.5ms (avg 490.5ms per batch), total memory used: 1,756,072 bytes
[Information] EpisodeIdentifier.Core.Services.ProgressTracker: Marking request 3f7263f3-e196-4edb-a301-7e8a8a7ae515 as completed with status CompletedWithWarnings
[Information] EpisodeIdentifier.Core.Services.BulkProcessorService: Bulk processing completed for request 3f7263f3-e196-4edb-a301-7e8a8a7ae515: CompletedWithWarnings, 15 processed, 5 failed, 0 skipped in 00:00:00.5945813</StdOut>
      </Output>
    </UnitTestResult>
    <UnitTestResult executionId="1e5db104-38bc-4e16-a979-227f5a3e7e85" testId="c69d8415-0025-d2ad-f073-d2da54314225" testName="EpisodeIdentifier.Tests.Integration.VttWorkflowTests.WorkflowCoordinator_WithEmptyVttFile_ReturnsNoResults" computerName="Freebie" duration="00:00:00.6963853" startTime="2025-09-20T10:53:03.0484364-07:00" endTime="2025-09-20T10:53:03.0484366-07:00" testType="13cdc9d9-ddb5-4fa4-a97d-d965ccfc6d4b" outcome="Passed" testListId="8c84fa94-04c1-424b-9868-57a2d4851a1d" relativeResultsDirectory="1e5db104-38bc-4e16-a979-227f5a3e7e85" />
    <UnitTestResult executionId="48825a0e-4678-49b5-83ce-98d7aaf6e930" testId="60aca83b-1ae0-f35a-8e3c-b453f963a625" testName="EpisodeIdentifier.Tests.Integration.FilenameRecommendationTests.DatabaseIntegration_StoresAndRetrievesEpisodeNames" computerName="Freebie" duration="00:00:00.0519346" startTime="2025-09-20T10:53:02.7511178-07:00" endTime="2025-09-20T10:53:02.7511180-07:00" testType="13cdc9d9-ddb5-4fa4-a97d-d965ccfc6d4b" outcome="Passed" testListId="8c84fa94-04c1-424b-9868-57a2d4851a1d" relativeResultsDirectory="48825a0e-4678-49b5-83ce-98d7aaf6e930" />
    <UnitTestResult executionId="580a4574-42f7-4f63-9c2b-b6ef0e659ad3" testId="06739a7a-2e22-c362-1c33-7eb2174ed840" testName="EpisodeIdentifier.Tests.Integration.HotReloadDuringProcessingIntegrationTests.ProcessingInProgress_ConfigurationHotReload_ShouldCompleteWithNewSettings" computerName="Freebie" duration="00:00:00.3565100" startTime="2025-09-20T10:53:05.2823539-07:00" endTime="2025-09-20T10:53:05.2823541-07:00" testType="13cdc9d9-ddb5-4fa4-a97d-d965ccfc6d4b" outcome="Passed" testListId="8c84fa94-04c1-424b-9868-57a2d4851a1d" relativeResultsDirectory="580a4574-42f7-4f63-9c2b-b6ef0e659ad3">
      <Output>
        <StdOut>[Information] EpisodeIdentifier.Core.Services.ConfigurationService: ConfigurationService initialized with path: /mnt/c/Users/Ragma/KnowShow_Specd/tests/integration/bin/Debug/net8.0/episodeidentifier.config.json
[Information] EpisodeIdentifier.Core.Services.ConfigurationService: ConfigurationService initialized with path: /mnt/c/Users/Ragma/KnowShow_Specd/tests/integration/bin/Debug/net8.0/episodeidentifier.config.json
[Information] EpisodeIdentifier.Core.Services.ConfigurationService: Starting configuration load operation ab21d767 from /mnt/c/Users/Ragma/KnowShow_Specd/tests/integration/bin/Debug/net8.0/episodeidentifier.config.json
[Information] EpisodeIdentifier.Core.Services.ConfigurationService: Configuration validation successful - Operation: 6bed82a5-5f2e-49d7-8173-bd505c1dcca4, Duration: 0ms, ValidationRules: ConfigurationValidator
[Information] EpisodeIdentifier.Core.Services.ConfigurationService: Configuration loaded successfully - Operation: ab21d767, Path: /mnt/c/Users/Ragma/KnowShow_Specd/tests/integration/bin/Debug/net8.0/episodeidentifier.config.json, Duration: 10ms, Version: 2.0, HashingAlgorithm: CTPH, MatchThreshold: 80.0 %, RenameThreshold: 85.0 %, FuzzyHashThreshold: 75, MaxConcurrency: 2
[Information] EpisodeIdentifier.Core.Services.BulkProcessorService: Starting bulk processing for request 1be6a9e7-daa9-4700-b1a9-cd9ad463a304 with 4 paths
[Information] EpisodeIdentifier.Core.Services.ProgressTracker: Initializing progress tracker for request 1be6a9e7-daa9-4700-b1a9-cd9ad463a304 with 4 files
[Information] EpisodeIdentifier.Core.Services.FileDiscoveryService: Validating 4 paths
[Information] EpisodeIdentifier.Core.Services.FileDiscoveryService: Path validation completed: 4 accessible, 0 inaccessible
[Information] EpisodeIdentifier.Core.Services.FileDiscoveryService: Estimating file count for 4 paths
[Information] EpisodeIdentifier.Core.Services.FileDiscoveryService: Starting file discovery for 4 paths
[Information] EpisodeIdentifier.Core.Services.FileDiscoveryService: Estimated 4 files
[Information] EpisodeIdentifier.Core.Services.FileDiscoveryService: Starting file discovery for 4 paths
[Information] EpisodeIdentifier.Core.Services.BulkProcessorService: Discovered 4 files for request 1be6a9e7-daa9-4700-b1a9-cd9ad463a304
[Information] EpisodeIdentifier.Core.Services.BulkProcessorService: Starting batch processing: 4 files in 1 batches of 100 files each
[Information] EpisodeIdentifier.Core.Services.VideoFormatValidator: Validating AV1 encoding for /mnt/c/Users/Ragma/KnowShow_Specd/tests/integration/bin/Debug/net8.0/Series.S01E01.mkv
[Information] EpisodeIdentifier.Core.Services.VideoFormatValidator: Validating AV1 encoding for /mnt/c/Users/Ragma/KnowShow_Specd/tests/integration/bin/Debug/net8.0/Series.S01E02.mkv
[Warning] EpisodeIdentifier.Core.Services.VideoFormatValidator: ffprobe failed with exit code 1
[Information] EpisodeIdentifier.Core.Services.BulkProcessorService: Non-fatal identification error for /mnt/c/Users/Ragma/KnowShow_Specd/tests/integration/bin/Debug/net8.0/Series.S01E01.mkv: UNSUPPORTED_FILE_TYPE - treating as processed in bulk mode
[Warning] EpisodeIdentifier.Core.Services.VideoFormatValidator: ffprobe failed with exit code 1
[Information] EpisodeIdentifier.Core.Services.BulkProcessorService: Non-fatal identification error for /mnt/c/Users/Ragma/KnowShow_Specd/tests/integration/bin/Debug/net8.0/Series.S01E02.mkv: UNSUPPORTED_FILE_TYPE - treating as processed in bulk mode
[Information] EpisodeIdentifier.Core.Services.VideoFormatValidator: Validating AV1 encoding for /mnt/c/Users/Ragma/KnowShow_Specd/tests/integration/bin/Debug/net8.0/Series.S01E03.mkv
[Information] EpisodeIdentifier.Core.Services.VideoFormatValidator: Validating AV1 encoding for /mnt/c/Users/Ragma/KnowShow_Specd/tests/integration/bin/Debug/net8.0/Series.S01E04.mkv
[Warning] EpisodeIdentifier.Core.Services.VideoFormatValidator: ffprobe failed with exit code 1
[Information] EpisodeIdentifier.Core.Services.BulkProcessorService: Non-fatal identification error for /mnt/c/Users/Ragma/KnowShow_Specd/tests/integration/bin/Debug/net8.0/Series.S01E04.mkv: UNSUPPORTED_FILE_TYPE - treating as processed in bulk mode
[Warning] EpisodeIdentifier.Core.Services.VideoFormatValidator: ffprobe failed with exit code 1
[Information] EpisodeIdentifier.Core.Services.BulkProcessorService: Non-fatal identification error for /mnt/c/Users/Ragma/KnowShow_Specd/tests/integration/bin/Debug/net8.0/Series.S01E03.mkv: UNSUPPORTED_FILE_TYPE - treating as processed in bulk mode
[Information] EpisodeIdentifier.Core.Services.BulkProcessorService: Batch processing statistics for request 1be6a9e7-daa9-4700-b1a9-cd9ad463a304: 1 batches (1 successful), 4 files processed in 242.7ms (avg 242.7ms per batch), total memory used: 0 bytes
[Information] EpisodeIdentifier.Core.Services.ProgressTracker: Marking request 1be6a9e7-daa9-4700-b1a9-cd9ad463a304 as completed with status Completed
[Information] EpisodeIdentifier.Core.Services.BulkProcessorService: Bulk processing completed for request 1be6a9e7-daa9-4700-b1a9-cd9ad463a304: Completed, 4 processed, 0 failed, 0 skipped in 00:00:00.3165957
[Information] EpisodeIdentifier.Core.Services.ConfigurationService: Starting configuration load operation 21f96ad2 from /mnt/c/Users/Ragma/KnowShow_Specd/tests/integration/bin/Debug/net8.0/episodeidentifier.config.json
[Information] EpisodeIdentifier.Core.Services.ConfigurationService: Allowing controlled decrease of MatchConfidenceThreshold from 0.8 to 0.75 (drop 0.05), FuzzyHashThreshold 75-&gt;80, RenameThreshold=0.90 - Operation: 21f96ad2
[Information] EpisodeIdentifier.Core.Services.ConfigurationService: Configuration validation successful - Operation: 0a903e7d-472a-4ed6-810d-2727afc6a184, Duration: 0ms, ValidationRules: ConfigurationValidator
[Information] EpisodeIdentifier.Core.Services.ConfigurationService: Configuration loaded successfully - Operation: 21f96ad2, Path: /mnt/c/Users/Ragma/KnowShow_Specd/tests/integration/bin/Debug/net8.0/episodeidentifier.config.json, Duration: 6ms, Version: 2.0, HashingAlgorithm: CTPH, MatchThreshold: 75.0 %, RenameThreshold: 90.0 %, FuzzyHashThreshold: 80, MaxConcurrency: 4</StdOut>
      </Output>
    </UnitTestResult>
    <UnitTestResult executionId="3762ca84-dff4-4b52-a785-be678a45acc9" testId="5093e38d-beff-2518-7e99-d85f90fb8162" testName="EpisodeIdentifier.Tests.Integration.FilenameRecommendationTests.MediumConfidenceIdentification_NoFilenameSuggestion" computerName="Freebie" duration="00:00:00.0285265" startTime="2025-09-20T10:53:02.6460846-07:00" endTime="2025-09-20T10:53:02.6460848-07:00" testType="13cdc9d9-ddb5-4fa4-a97d-d965ccfc6d4b" outcome="Passed" testListId="8c84fa94-04c1-424b-9868-57a2d4851a1d" relativeResultsDirectory="3762ca84-dff4-4b52-a785-be678a45acc9" />
    <UnitTestResult executionId="601ec2c1-26cb-4663-9a5d-2055e74a14b9" testId="305e0bc9-0850-8225-2152-dc0a2c38f8de" testName="EpisodeIdentifier.Tests.Integration.ConfigurationIntegrationTests.LoadConfiguration_WithPartialBulkProcessingConfig_ShouldUseDefaults" computerName="Freebie" duration="00:00:00.0345900" startTime="2025-09-20T10:53:02.8138373-07:00" endTime="2025-09-20T10:53:02.8138375-07:00" testType="13cdc9d9-ddb5-4fa4-a97d-d965ccfc6d4b" outcome="Passed" testListId="8c84fa94-04c1-424b-9868-57a2d4851a1d" relativeResultsDirectory="601ec2c1-26cb-4663-9a5d-2055e74a14b9" />
    <UnitTestResult executionId="d5592e86-41b3-4cd0-93c9-09e65afc5b7f" testId="5a0728c9-eb2a-e2f2-6bfe-0e9bb82c1274" testName="EpisodeIdentifier.Tests.Integration.Services.FileDiscoveryServiceIntegrationTests.DiscoverFilesAsync_WithLargeNumberOfFiles_ShouldPerformReasonably" computerName="Freebie" duration="00:00:00.5321905" startTime="2025-09-20T10:53:02.4125504-07:00" endTime="2025-09-20T10:53:02.4125507-07:00" testType="13cdc9d9-ddb5-4fa4-a97d-d965ccfc6d4b" outcome="Passed" testListId="8c84fa94-04c1-424b-9868-57a2d4851a1d" relativeResultsDirectory="d5592e86-41b3-4cd0-93c9-09e65afc5b7f" />
    <UnitTestResult executionId="3bb06c90-8e64-4051-b789-d351728e404f" testId="617a98c0-e22c-4f98-da29-98e1d817a281" testName="EpisodeIdentifier.Tests.Integration.FuzzyHashWorkflowTests.FuzzyHashWorkflow_WithInvalidFile_HandlesErrorsGracefully" computerName="Freebie" duration="00:00:00.0591044" startTime="2025-09-20T10:53:07.2877865-07:00" endTime="2025-09-20T10:53:07.2877868-07:00" testType="13cdc9d9-ddb5-4fa4-a97d-d965ccfc6d4b" outcome="Passed" testListId="8c84fa94-04c1-424b-9868-57a2d4851a1d" relativeResultsDirectory="3bb06c90-8e64-4051-b789-d351728e404f" />
    <UnitTestResult executionId="db513841-66eb-4e18-91a3-28c061261640" testId="ba4fd3ef-b89d-3a24-55fe-a6c22030cc14" testName="EpisodeIdentifier.Tests.Integration.EndToEndIdentificationTests.ProcessVideo_WithEmptyFilePath_ThrowsException" computerName="Freebie" duration="00:00:00.1036987" startTime="2025-09-20T10:53:02.3187513-07:00" endTime="2025-09-20T10:53:02.3187515-07:00" testType="13cdc9d9-ddb5-4fa4-a97d-d965ccfc6d4b" outcome="Passed" testListId="8c84fa94-04c1-424b-9868-57a2d4851a1d" relativeResultsDirectory="db513841-66eb-4e18-91a3-28c061261640" />
    <UnitTestResult executionId="f5c3a19e-c0b4-4a85-af8f-d1f0f6cdf062" testId="025367b8-7b7b-638d-bc74-6d7181e833be" testName="EpisodeIdentifier.Tests.Integration.VttWorkflowTests.TextSubtitleExtractor_WithVttInput_ExtractsCorrectly" computerName="Freebie" duration="00:00:00.0576445" startTime="2025-09-20T10:53:02.3375865-07:00" endTime="2025-09-20T10:53:02.3375869-07:00" testType="13cdc9d9-ddb5-4fa4-a97d-d965ccfc6d4b" outcome="Passed" testListId="8c84fa94-04c1-424b-9868-57a2d4851a1d" relativeResultsDirectory="f5c3a19e-c0b4-4a85-af8f-d1f0f6cdf062" />
    <UnitTestResult executionId="a98ee6e4-f238-41c2-9769-ef1fa092f8ae" testId="ab0269ee-540f-dd17-3560-a585f5124c93" testName="EpisodeIdentifier.Tests.Integration.FilenameRecommendationTests.EndToEndWorkflow_HighConfidence_CreatesCompleteResult" computerName="Freebie" duration="00:00:00.0708370" startTime="2025-09-20T10:53:02.6147816-07:00" endTime="2025-09-20T10:53:02.6147817-07:00" testType="13cdc9d9-ddb5-4fa4-a97d-d965ccfc6d4b" outcome="Passed" testListId="8c84fa94-04c1-424b-9868-57a2d4851a1d" relativeResultsDirectory="a98ee6e4-f238-41c2-9769-ef1fa092f8ae" />
    <UnitTestResult executionId="b1650247-2b5b-43bb-9912-47ea5a56e845" testId="a39e5d03-f272-df13-fb03-9c9b9db922dc" testName="EpisodeIdentifier.Tests.Integration.EndToEndIdentificationTests.ProcessVideo_WithTextSubtitles_IdentifiesCorrectly" computerName="Freebie" duration="00:00:00.4528888" startTime="2025-09-20T10:53:03.5671259-07:00" endTime="2025-09-20T10:53:03.5671263-07:00" testType="13cdc9d9-ddb5-4fa4-a97d-d965ccfc6d4b" outcome="Passed" testListId="8c84fa94-04c1-424b-9868-57a2d4851a1d" relativeResultsDirectory="b1650247-2b5b-43bb-9912-47ea5a56e845" />
    <UnitTestResult executionId="0f597700-3425-45c0-9dca-4e6b3cf19d60" testId="a5f17046-031a-ba95-030c-b89bce4f7332" testName="EpisodeIdentifier.Tests.Integration.ConfigurationIntegrationTests.ValidateConfiguration_WithEdgeCaseValues_ShouldHandleCorrectly" computerName="Freebie" duration="00:00:00.0979617" startTime="2025-09-20T10:53:02.9152116-07:00" endTime="2025-09-20T10:53:02.9152119-07:00" testType="13cdc9d9-ddb5-4fa4-a97d-d965ccfc6d4b" outcome="Passed" testListId="8c84fa94-04c1-424b-9868-57a2d4851a1d" relativeResultsDirectory="0f597700-3425-45c0-9dca-4e6b3cf19d60" />
    <UnitTestResult executionId="7f291901-9a0f-4033-82a5-e3363a0f3eec" testId="22c9fd0f-c686-cff4-0a44-678fa1322594" testName="EpisodeIdentifier.Tests.Integration.AssWorkflowTests.SubtitleMatcher_WithTestContent_ReturnsResult" computerName="Freebie" duration="00:00:00.1218788" startTime="2025-09-20T10:53:02.3470924-07:00" endTime="2025-09-20T10:53:02.3470928-07:00" testType="13cdc9d9-ddb5-4fa4-a97d-d965ccfc6d4b" outcome="Passed" testListId="8c84fa94-04c1-424b-9868-57a2d4851a1d" relativeResultsDirectory="7f291901-9a0f-4033-82a5-e3363a0f3eec" />
    <UnitTestResult executionId="809022bf-e9c2-4531-b95a-5dbdce3e28be" testId="f72357ec-0276-9b7d-04c3-5ed9714a42ee" testName="EpisodeIdentifier.Tests.Integration.FuzzyHashWorkflowTests.FuzzyHashWorkflow_WithLargeFiles_HandlesMemoryEfficiently" computerName="Freebie" duration="00:00:01.5580726" startTime="2025-09-20T10:53:07.2279753-07:00" endTime="2025-09-20T10:53:07.2279755-07:00" testType="13cdc9d9-ddb5-4fa4-a97d-d965ccfc6d4b" outcome="Passed" testListId="8c84fa94-04c1-424b-9868-57a2d4851a1d" relativeResultsDirectory="809022bf-e9c2-4531-b95a-5dbdce3e28be" />
    <UnitTestResult executionId="1d0441f8-3842-429f-a4ab-61225a719c63" testId="6c944626-d838-91d8-815d-576ccfb4931a" testName="EpisodeIdentifier.Tests.Integration.Services.FileDiscoveryServiceIntegrationTests.DiscoverFilesAsync_WithFilePermissionIssues_ShouldHandleGracefully" computerName="Freebie" duration="00:00:00.0090169" startTime="2025-09-20T10:53:02.5316399-07:00" endTime="2025-09-20T10:53:02.5316401-07:00" testType="13cdc9d9-ddb5-4fa4-a97d-d965ccfc6d4b" outcome="Passed" testListId="8c84fa94-04c1-424b-9868-57a2d4851a1d" relativeResultsDirectory="1d0441f8-3842-429f-a4ab-61225a719c63" />
    <UnitTestResult executionId="81213e52-53a0-401c-9eda-ab19f13ec28e" testId="d4be12eb-616e-e02f-7b18-b9be8d6381fc" testName="EpisodeIdentifier.Tests.Integration.DatabaseConcurrencyOptimizationTests.SqliteConcurrencyOptimizer_ShouldEnableWalMode" computerName="Freebie" duration="00:00:00.6168435" startTime="2025-09-20T10:53:02.5278698-07:00" endTime="2025-09-20T10:53:02.5278701-07:00" testType="13cdc9d9-ddb5-4fa4-a97d-d965ccfc6d4b" outcome="Passed" testListId="8c84fa94-04c1-424b-9868-57a2d4851a1d" relativeResultsDirectory="81213e52-53a0-401c-9eda-ab19f13ec28e" />
    <UnitTestResult executionId="f920e488-bbd7-4a4e-aadd-317027032365" testId="8d7ca2c9-b3cf-30ae-4c19-2b7403dbc12d" testName="EpisodeIdentifier.Tests.Integration.DatabaseConcurrencyOptimizationTests.SqliteConcurrencyOptimizer_ShouldSkipInMemoryDatabases" computerName="Freebie" duration="00:00:00.0064453" startTime="2025-09-20T10:53:02.5350315-07:00" endTime="2025-09-20T10:53:02.5350317-07:00" testType="13cdc9d9-ddb5-4fa4-a97d-d965ccfc6d4b" outcome="Passed" testListId="8c84fa94-04c1-424b-9868-57a2d4851a1d" relativeResultsDirectory="f920e488-bbd7-4a4e-aadd-317027032365" />
    <UnitTestResult executionId="3e4ac2cf-d710-46a9-ae3a-b3358cec8cf2" testId="0a7ed438-247f-dcea-cf46-4589ea44983c" testName="EpisodeIdentifier.Tests.Integration.SrtWorkflowTests.SrtProcessingWorkflow_WithFormatHandlers_ProcessesCorrectly" computerName="Freebie" duration="00:00:00.1321875" startTime="2025-09-20T10:53:02.6423468-07:00" endTime="2025-09-20T10:53:02.6423470-07:00" testType="13cdc9d9-ddb5-4fa4-a97d-d965ccfc6d4b" outcome="Passed" testListId="8c84fa94-04c1-424b-9868-57a2d4851a1d" relativeResultsDirectory="3e4ac2cf-d710-46a9-ae3a-b3358cec8cf2" />
    <UnitTestResult executionId="80b664b5-d6c1-4043-b6cc-4300f4ec7f88" testId="01218aa8-e0b4-1bbc-9e74-d42182b778ae" testName="EpisodeIdentifier.Tests.Integration.HotReloadDuringProcessingIntegrationTests.HotReload_DuringHighConcurrency_ShouldMaintainSystemStability" computerName="Freebie" duration="00:00:00.9780757" startTime="2025-09-20T10:53:03.1330713-07:00" endTime="2025-09-20T10:53:03.1330714-07:00" testType="13cdc9d9-ddb5-4fa4-a97d-d965ccfc6d4b" outcome="Passed" testListId="8c84fa94-04c1-424b-9868-57a2d4851a1d" relativeResultsDirectory="80b664b5-d6c1-4043-b6cc-4300f4ec7f88">
      <Output>
        <StdOut>[Information] EpisodeIdentifier.Core.Services.ConfigurationService: ConfigurationService initialized with path: /mnt/c/Users/Ragma/KnowShow_Specd/tests/integration/bin/Debug/net8.0/episodeidentifier.config.json
[Information] EpisodeIdentifier.Core.Services.ConfigurationService: ConfigurationService initialized with path: /mnt/c/Users/Ragma/KnowShow_Specd/tests/integration/bin/Debug/net8.0/episodeidentifier.config.json
[Information] EpisodeIdentifier.Core.Services.BulkProcessorService: Starting bulk processing for request 927d1f42-5fd4-4ae7-9081-d07c47724ded with 15 paths
[Information] EpisodeIdentifier.Core.Services.ProgressTracker: Initializing progress tracker for request 927d1f42-5fd4-4ae7-9081-d07c47724ded with 15 files
[Information] EpisodeIdentifier.Core.Services.FileDiscoveryService: Validating 15 paths
[Information] EpisodeIdentifier.Core.Services.FileDiscoveryService: Path validation completed: 15 accessible, 0 inaccessible
[Information] EpisodeIdentifier.Core.Services.FileDiscoveryService: Estimating file count for 15 paths
[Information] EpisodeIdentifier.Core.Services.FileDiscoveryService: Starting file discovery for 15 paths
[Information] EpisodeIdentifier.Core.Services.FileDiscoveryService: Estimated 15 files
[Information] EpisodeIdentifier.Core.Services.FileDiscoveryService: Starting file discovery for 15 paths
[Information] EpisodeIdentifier.Core.Services.BulkProcessorService: Discovered 15 files for request 927d1f42-5fd4-4ae7-9081-d07c47724ded
[Information] EpisodeIdentifier.Core.Services.BulkProcessorService: Starting batch processing: 15 files in 1 batches of 100 files each
[Information] EpisodeIdentifier.Core.Services.VideoFormatValidator: Validating AV1 encoding for /mnt/c/Users/Ragma/KnowShow_Specd/tests/integration/bin/Debug/net8.0/Episode.S01E01.mkv
[Information] EpisodeIdentifier.Core.Services.VideoFormatValidator: Validating AV1 encoding for /mnt/c/Users/Ragma/KnowShow_Specd/tests/integration/bin/Debug/net8.0/Episode.S01E02.mkv
[Information] EpisodeIdentifier.Core.Services.VideoFormatValidator: Validating AV1 encoding for /mnt/c/Users/Ragma/KnowShow_Specd/tests/integration/bin/Debug/net8.0/Episode.S01E03.mkv
[Information] EpisodeIdentifier.Core.Services.VideoFormatValidator: Validating AV1 encoding for /mnt/c/Users/Ragma/KnowShow_Specd/tests/integration/bin/Debug/net8.0/Episode.S01E04.mkv
[Information] EpisodeIdentifier.Core.Services.VideoFormatValidator: Validating AV1 encoding for /mnt/c/Users/Ragma/KnowShow_Specd/tests/integration/bin/Debug/net8.0/Episode.S01E05.mkv
[Information] EpisodeIdentifier.Core.Services.VideoFormatValidator: Validating AV1 encoding for /mnt/c/Users/Ragma/KnowShow_Specd/tests/integration/bin/Debug/net8.0/Episode.S01E06.mkv
[Information] EpisodeIdentifier.Core.Services.VideoFormatValidator: Validating AV1 encoding for /mnt/c/Users/Ragma/KnowShow_Specd/tests/integration/bin/Debug/net8.0/Episode.S01E07.mkv
[Information] EpisodeIdentifier.Core.Services.VideoFormatValidator: Validating AV1 encoding for /mnt/c/Users/Ragma/KnowShow_Specd/tests/integration/bin/Debug/net8.0/Episode.S01E08.mkv
[Warning] EpisodeIdentifier.Core.Services.VideoFormatValidator: ffprobe failed with exit code 1
[Warning] EpisodeIdentifier.Core.Services.VideoFormatValidator: ffprobe failed with exit code 1
[Warning] EpisodeIdentifier.Core.Services.VideoFormatValidator: ffprobe failed with exit code 1
[Warning] EpisodeIdentifier.Core.Services.VideoFormatValidator: ffprobe failed with exit code 1
[Warning] EpisodeIdentifier.Core.Services.VideoFormatValidator: ffprobe failed with exit code 1
[Warning] EpisodeIdentifier.Core.Services.VideoFormatValidator: ffprobe failed with exit code 1
[Warning] EpisodeIdentifier.Core.Services.VideoFormatValidator: ffprobe failed with exit code 1
[Warning] EpisodeIdentifier.Core.Services.VideoFormatValidator: ffprobe failed with exit code 1
[Information] EpisodeIdentifier.Core.Services.BulkProcessorService: Non-fatal identification error for /mnt/c/Users/Ragma/KnowShow_Specd/tests/integration/bin/Debug/net8.0/Episode.S01E01.mkv: UNSUPPORTED_FILE_TYPE - treating as processed in bulk mode
[Information] EpisodeIdentifier.Core.Services.BulkProcessorService: Non-fatal identification error for /mnt/c/Users/Ragma/KnowShow_Specd/tests/integration/bin/Debug/net8.0/Episode.S01E05.mkv: UNSUPPORTED_FILE_TYPE - treating as processed in bulk mode
[Information] EpisodeIdentifier.Core.Services.BulkProcessorService: Non-fatal identification error for /mnt/c/Users/Ragma/KnowShow_Specd/tests/integration/bin/Debug/net8.0/Episode.S01E02.mkv: UNSUPPORTED_FILE_TYPE - treating as processed in bulk mode
[Information] EpisodeIdentifier.Core.Services.BulkProcessorService: Non-fatal identification error for /mnt/c/Users/Ragma/KnowShow_Specd/tests/integration/bin/Debug/net8.0/Episode.S01E06.mkv: UNSUPPORTED_FILE_TYPE - treating as processed in bulk mode
[Information] EpisodeIdentifier.Core.Services.BulkProcessorService: Non-fatal identification error for /mnt/c/Users/Ragma/KnowShow_Specd/tests/integration/bin/Debug/net8.0/Episode.S01E04.mkv: UNSUPPORTED_FILE_TYPE - treating as processed in bulk mode
[Information] EpisodeIdentifier.Core.Services.BulkProcessorService: Non-fatal identification error for /mnt/c/Users/Ragma/KnowShow_Specd/tests/integration/bin/Debug/net8.0/Episode.S01E03.mkv: UNSUPPORTED_FILE_TYPE - treating as processed in bulk mode
[Information] EpisodeIdentifier.Core.Services.BulkProcessorService: Non-fatal identification error for /mnt/c/Users/Ragma/KnowShow_Specd/tests/integration/bin/Debug/net8.0/Episode.S01E08.mkv: UNSUPPORTED_FILE_TYPE - treating as processed in bulk mode
[Information] EpisodeIdentifier.Core.Services.BulkProcessorService: Non-fatal identification error for /mnt/c/Users/Ragma/KnowShow_Specd/tests/integration/bin/Debug/net8.0/Episode.S01E07.mkv: UNSUPPORTED_FILE_TYPE - treating as processed in bulk mode
[Information] EpisodeIdentifier.Core.Services.VideoFormatValidator: Validating AV1 encoding for /mnt/c/Users/Ragma/KnowShow_Specd/tests/integration/bin/Debug/net8.0/Episode.S01E09.mkv
[Information] EpisodeIdentifier.Core.Services.VideoFormatValidator: Validating AV1 encoding for /mnt/c/Users/Ragma/KnowShow_Specd/tests/integration/bin/Debug/net8.0/Episode.S01E10.mkv
[Information] EpisodeIdentifier.Core.Services.VideoFormatValidator: Validating AV1 encoding for /mnt/c/Users/Ragma/KnowShow_Specd/tests/integration/bin/Debug/net8.0/Episode.S01E11.mkv
[Information] EpisodeIdentifier.Core.Services.VideoFormatValidator: Validating AV1 encoding for /mnt/c/Users/Ragma/KnowShow_Specd/tests/integration/bin/Debug/net8.0/Episode.S01E13.mkv
[Information] EpisodeIdentifier.Core.Services.VideoFormatValidator: Validating AV1 encoding for /mnt/c/Users/Ragma/KnowShow_Specd/tests/integration/bin/Debug/net8.0/Episode.S01E12.mkv
[Information] EpisodeIdentifier.Core.Services.VideoFormatValidator: Validating AV1 encoding for /mnt/c/Users/Ragma/KnowShow_Specd/tests/integration/bin/Debug/net8.0/Episode.S01E14.mkv
[Information] EpisodeIdentifier.Core.Services.VideoFormatValidator: Validating AV1 encoding for /mnt/c/Users/Ragma/KnowShow_Specd/tests/integration/bin/Debug/net8.0/Episode.S01E15.mkv
[Warning] EpisodeIdentifier.Core.Services.VideoFormatValidator: ffprobe failed with exit code 1
[Warning] EpisodeIdentifier.Core.Services.VideoFormatValidator: ffprobe failed with exit code 1
[Information] EpisodeIdentifier.Core.Services.BulkProcessorService: Non-fatal identification error for /mnt/c/Users/Ragma/KnowShow_Specd/tests/integration/bin/Debug/net8.0/Episode.S01E11.mkv: UNSUPPORTED_FILE_TYPE - treating as processed in bulk mode
[Information] EpisodeIdentifier.Core.Services.BulkProcessorService: Non-fatal identification error for /mnt/c/Users/Ragma/KnowShow_Specd/tests/integration/bin/Debug/net8.0/Episode.S01E10.mkv: UNSUPPORTED_FILE_TYPE - treating as processed in bulk mode
[Warning] EpisodeIdentifier.Core.Services.VideoFormatValidator: ffprobe failed with exit code 1
[Information] EpisodeIdentifier.Core.Services.BulkProcessorService: Non-fatal identification error for /mnt/c/Users/Ragma/KnowShow_Specd/tests/integration/bin/Debug/net8.0/Episode.S01E13.mkv: UNSUPPORTED_FILE_TYPE - treating as processed in bulk mode
[Warning] EpisodeIdentifier.Core.Services.VideoFormatValidator: ffprobe failed with exit code 1
[Information] EpisodeIdentifier.Core.Services.BulkProcessorService: Non-fatal identification error for /mnt/c/Users/Ragma/KnowShow_Specd/tests/integration/bin/Debug/net8.0/Episode.S01E14.mkv: UNSUPPORTED_FILE_TYPE - treating as processed in bulk mode
[Warning] EpisodeIdentifier.Core.Services.VideoFormatValidator: ffprobe failed with exit code 1
[Information] EpisodeIdentifier.Core.Services.BulkProcessorService: Non-fatal identification error for /mnt/c/Users/Ragma/KnowShow_Specd/tests/integration/bin/Debug/net8.0/Episode.S01E09.mkv: UNSUPPORTED_FILE_TYPE - treating as processed in bulk mode
[Warning] EpisodeIdentifier.Core.Services.VideoFormatValidator: ffprobe failed with exit code 1
[Information] EpisodeIdentifier.Core.Services.BulkProcessorService: Non-fatal identification error for /mnt/c/Users/Ragma/KnowShow_Specd/tests/integration/bin/Debug/net8.0/Episode.S01E12.mkv: UNSUPPORTED_FILE_TYPE - treating as processed in bulk mode
[Warning] EpisodeIdentifier.Core.Services.VideoFormatValidator: ffprobe failed with exit code 1
[Information] EpisodeIdentifier.Core.Services.BulkProcessorService: Non-fatal identification error for /mnt/c/Users/Ragma/KnowShow_Specd/tests/integration/bin/Debug/net8.0/Episode.S01E15.mkv: UNSUPPORTED_FILE_TYPE - treating as processed in bulk mode
[Information] EpisodeIdentifier.Core.Services.BulkProcessorService: Batch processing statistics for request 927d1f42-5fd4-4ae7-9081-d07c47724ded: 1 batches (1 successful), 15 files processed in 807.1ms (avg 807.1ms per batch), total memory used: 0 bytes
[Information] EpisodeIdentifier.Core.Services.ProgressTracker: Marking request 927d1f42-5fd4-4ae7-9081-d07c47724ded as completed with status Completed
[Information] EpisodeIdentifier.Core.Services.BulkProcessorService: Bulk processing completed for request 927d1f42-5fd4-4ae7-9081-d07c47724ded: Completed, 15 processed, 0 failed, 0 skipped in 00:00:00.9009401
[Information] EpisodeIdentifier.Core.Services.ConfigurationService: Starting configuration load operation 61735e09 from /mnt/c/Users/Ragma/KnowShow_Specd/tests/integration/bin/Debug/net8.0/episodeidentifier.config.json
[Information] EpisodeIdentifier.Core.Services.ConfigurationService: Preserving highest observed MatchConfidenceThreshold on first load: elevating from 0.11 to 0.9. HasObservedIncrease=True - Operation: 61735e09
[Information] EpisodeIdentifier.Core.Services.ConfigurationService: Adjusting RenameConfidenceThreshold from 0.85 to 0.9 to satisfy &gt;= MatchConfidenceThreshold - Operation: 61735e09
[Information] EpisodeIdentifier.Core.Services.ConfigurationService: Configuration validation successful - Operation: 44cda98f-cc99-4984-9d57-3ac78a6b127d, Duration: 0ms, ValidationRules: ConfigurationValidator
[Information] EpisodeIdentifier.Core.Services.ConfigurationService: Configuration loaded successfully - Operation: 61735e09, Path: /mnt/c/Users/Ragma/KnowShow_Specd/tests/integration/bin/Debug/net8.0/episodeidentifier.config.json, Duration: 13ms, Version: 2.0, HashingAlgorithm: CTPH, MatchThreshold: 90.0 %, RenameThreshold: 90.0 %, FuzzyHashThreshold: 75, MaxConcurrency: 8</StdOut>
      </Output>
    </UnitTestResult>
    <UnitTestResult executionId="f5f7a0e6-493c-493b-be03-81819ba527ac" testId="f2b4fa43-56de-57cb-b8a8-05a2d9cd0d21" testName="EpisodeIdentifier.Tests.Integration.SrtWorkflowTests.SrtProcessingWorkflow_WithSimpleTest_CompletesSuccessfully" computerName="Freebie" duration="00:00:00.1372537" startTime="2025-09-20T10:53:02.3025059-07:00" endTime="2025-09-20T10:53:02.3025061-07:00" testType="13cdc9d9-ddb5-4fa4-a97d-d965ccfc6d4b" outcome="Passed" testListId="8c84fa94-04c1-424b-9868-57a2d4851a1d" relativeResultsDirectory="f5f7a0e6-493c-493b-be03-81819ba527ac" />
    <UnitTestResult executionId="80742772-8921-4717-97bf-6843eaf05f84" testId="3f27949b-3c98-3f60-875b-f5effc8e82f1" testName="EpisodeIdentifier.Tests.Integration.ConfigurationIntegrationTests.ReloadIfChanged_WithConfigurationChanges_ShouldDetectChanges" computerName="Freebie" duration="00:00:00.5030224" startTime="2025-09-20T10:53:02.6989625-07:00" endTime="2025-09-20T10:53:02.6989627-07:00" testType="13cdc9d9-ddb5-4fa4-a97d-d965ccfc6d4b" outcome="Passed" testListId="8c84fa94-04c1-424b-9868-57a2d4851a1d" relativeResultsDirectory="80742772-8921-4717-97bf-6843eaf05f84" />
    <UnitTestResult executionId="b2397b48-91e5-44df-86d4-65c965fdb121" testId="2605b7a9-17f3-40f9-1c3d-ea366e2444e0" testName="EpisodeIdentifier.Tests.Integration.SrtWorkflowTests.TextSubtitleExtractor_WithNonexistentFile_HandlesGracefully" computerName="Freebie" duration="00:00:00.0624043" startTime="2025-09-20T10:53:02.0465127-07:00" endTime="2025-09-20T10:53:02.0465132-07:00" testType="13cdc9d9-ddb5-4fa4-a97d-d965ccfc6d4b" outcome="Passed" testListId="8c84fa94-04c1-424b-9868-57a2d4851a1d" relativeResultsDirectory="b2397b48-91e5-44df-86d4-65c965fdb121" />
    <UnitTestResult executionId="7c774a07-2a0a-4c16-a5ae-89da9571b837" testId="49979d3a-e1d2-5f03-e0bd-673398ea7f72" testName="EpisodeIdentifier.Tests.Integration.IntegrationTestStubs.SubtitleWorkflow_PlaceholderTest" computerName="Freebie" duration="00:00:00.0002922" startTime="2025-09-20T10:53:01.5779868-07:00" endTime="2025-09-20T10:53:01.5779870-07:00" testType="13cdc9d9-ddb5-4fa4-a97d-d965ccfc6d4b" outcome="Passed" testListId="8c84fa94-04c1-424b-9868-57a2d4851a1d" relativeResultsDirectory="7c774a07-2a0a-4c16-a5ae-89da9571b837" />
    <UnitTestResult executionId="a659206f-2681-4fd0-9f07-f393d0bec04e" testId="00b2b8b4-7367-a76f-e99d-c22f8cef580d" testName="EpisodeIdentifier.Tests.Integration.IntegrationTestStubs.MultiTrackProcessing_PlaceholderTest" computerName="Freebie" duration="00:00:00.0000709" startTime="2025-09-20T10:53:01.6143683-07:00" endTime="2025-09-20T10:53:01.6143684-07:00" testType="13cdc9d9-ddb5-4fa4-a97d-d965ccfc6d4b" outcome="Passed" testListId="8c84fa94-04c1-424b-9868-57a2d4851a1d" relativeResultsDirectory="a659206f-2681-4fd0-9f07-f393d0bec04e" />
    <UnitTestResult executionId="5143fa49-9070-4332-ab1b-546c56c2c853" testId="99b8cf71-5e80-d565-34ed-071d803a8627" testName="EpisodeIdentifier.Tests.Integration.Services.FileDiscoveryServiceIntegrationTests.DiscoverFilesAsync_WithMixedFileTypes_ShouldRespectFilters" computerName="Freebie" duration="00:00:00.0136267" startTime="2025-09-20T10:53:02.5455771-07:00" endTime="2025-09-20T10:53:02.5455772-07:00" testType="13cdc9d9-ddb5-4fa4-a97d-d965ccfc6d4b" outcome="Passed" testListId="8c84fa94-04c1-424b-9868-57a2d4851a1d" relativeResultsDirectory="5143fa49-9070-4332-ab1b-546c56c2c853" />
    <UnitTestResult executionId="2bbd678a-431d-45ac-9b2e-84e44d86bae2" testId="9675b8ec-e9e4-d258-d325-201e86a4e2c6" testName="EpisodeIdentifier.Tests.Integration.HotReloadDuringProcessingIntegrationTests.ProcessingInProgress_CorruptedConfigurationFile_ShouldHandleGracefully" computerName="Freebie" duration="00:00:00.2726071" startTime="2025-09-20T10:53:03.8495089-07:00" endTime="2025-09-20T10:53:03.8495092-07:00" testType="13cdc9d9-ddb5-4fa4-a97d-d965ccfc6d4b" outcome="Passed" testListId="8c84fa94-04c1-424b-9868-57a2d4851a1d" relativeResultsDirectory="2bbd678a-431d-45ac-9b2e-84e44d86bae2">
      <Output>
        <StdOut>[Information] EpisodeIdentifier.Core.Services.ConfigurationService: ConfigurationService initialized with path: /mnt/c/Users/Ragma/KnowShow_Specd/tests/integration/bin/Debug/net8.0/episodeidentifier.config.json
[Information] EpisodeIdentifier.Core.Services.ConfigurationService: ConfigurationService initialized with path: /mnt/c/Users/Ragma/KnowShow_Specd/tests/integration/bin/Debug/net8.0/episodeidentifier.config.json
[Information] EpisodeIdentifier.Core.Services.BulkProcessorService: Starting bulk processing for request 52c4e067-2517-4a94-91f7-7a4529e9d252 with 1 paths
[Information] EpisodeIdentifier.Core.Services.ProgressTracker: Initializing progress tracker for request 52c4e067-2517-4a94-91f7-7a4529e9d252 with 1 files
[Information] EpisodeIdentifier.Core.Services.FileDiscoveryService: Validating 1 paths
[Information] EpisodeIdentifier.Core.Services.FileDiscoveryService: Path validation completed: 1 accessible, 0 inaccessible
[Information] EpisodeIdentifier.Core.Services.FileDiscoveryService: Estimating file count for 1 paths
[Information] EpisodeIdentifier.Core.Services.FileDiscoveryService: Starting file discovery for 1 paths
[Information] EpisodeIdentifier.Core.Services.FileDiscoveryService: Estimated 1 files
[Information] EpisodeIdentifier.Core.Services.FileDiscoveryService: Starting file discovery for 1 paths
[Information] EpisodeIdentifier.Core.Services.BulkProcessorService: Discovered 1 files for request 52c4e067-2517-4a94-91f7-7a4529e9d252
[Information] EpisodeIdentifier.Core.Services.BulkProcessorService: Starting batch processing: 1 files in 1 batches of 100 files each
[Information] EpisodeIdentifier.Core.Services.VideoFormatValidator: Validating AV1 encoding for /mnt/c/Users/Ragma/KnowShow_Specd/tests/integration/bin/Debug/net8.0/Test.S01E01.mkv
[Warning] EpisodeIdentifier.Core.Services.VideoFormatValidator: ffprobe failed with exit code 1
[Information] EpisodeIdentifier.Core.Services.BulkProcessorService: Non-fatal identification error for /mnt/c/Users/Ragma/KnowShow_Specd/tests/integration/bin/Debug/net8.0/Test.S01E01.mkv: UNSUPPORTED_FILE_TYPE - treating as processed in bulk mode
[Information] EpisodeIdentifier.Core.Services.BulkProcessorService: Batch processing statistics for request 52c4e067-2517-4a94-91f7-7a4529e9d252: 1 batches (1 successful), 1 files processed in 140.4ms (avg 140.4ms per batch), total memory used: 0 bytes
[Information] EpisodeIdentifier.Core.Services.ProgressTracker: Marking request 52c4e067-2517-4a94-91f7-7a4529e9d252 as completed with status Completed
[Information] EpisodeIdentifier.Core.Services.BulkProcessorService: Bulk processing completed for request 52c4e067-2517-4a94-91f7-7a4529e9d252: Completed, 1 processed, 0 failed, 0 skipped in 00:00:00.2232202
[Information] EpisodeIdentifier.Core.Services.ConfigurationService: Starting configuration load operation 0e9f7273 from /mnt/c/Users/Ragma/KnowShow_Specd/tests/integration/bin/Debug/net8.0/episodeidentifier.config.json
[Warning] EpisodeIdentifier.Core.Services.ConfigurationService: Strict JSON parsing failed, attempting lenient legacy parse - Operation: 0e9f7273, Path: /mnt/c/Users/Ragma/KnowShow_Specd/tests/integration/bin/Debug/net8.0/episodeidentifier.config.json, Error: 'i' is an invalid start of a property name. Expected a '"'. Path: $ | LineNumber: 0 | BytePositionInLine: 2.
[Error] EpisodeIdentifier.Core.Services.ConfigurationService: Lenient legacy parse failed - Operation: 0e9f7273, Path: /mnt/c/Users/Ragma/KnowShow_Specd/tests/integration/bin/Debug/net8.0/episodeidentifier.config.json, Error: 'i' is an invalid start of a property name. Expected a '"'. LineNumber: 0 | BytePositionInLine: 2., Duration: 13ms</StdOut>
      </Output>
    </UnitTestResult>
    <UnitTestResult executionId="fb0a4a41-89b1-4ac6-af26-ff4e77a3604e" testId="1c536f5d-0a0b-82b0-6d75-2c11e6a77c32" testName="EpisodeIdentifier.Tests.Integration.DatabaseConcurrencyOptimizationTests.FuzzyHashService_WithOptimizedConnection_ShouldHandleConcurrentOperations" computerName="Freebie" duration="00:00:00.4408574" startTime="2025-09-20T10:53:02.9755587-07:00" endTime="2025-09-20T10:53:02.9755590-07:00" testType="13cdc9d9-ddb5-4fa4-a97d-d965ccfc6d4b" outcome="Passed" testListId="8c84fa94-04c1-424b-9868-57a2d4851a1d" relativeResultsDirectory="fb0a4a41-89b1-4ac6-af26-ff4e77a3604e" />
    <UnitTestResult executionId="ced19439-a2c0-4852-90e3-7e92370ffc9c" testId="f2e5722b-8870-f59e-35d9-f47c8c042a79" testName="EpisodeIdentifier.Tests.Integration.FileRenameIntegrationTests.NoRenameFlag_GeneratesSuggestionButDoesNotRename" computerName="Freebie" duration="00:00:00.0696737" startTime="2025-09-20T10:53:02.4626745-07:00" endTime="2025-09-20T10:53:02.4626748-07:00" testType="13cdc9d9-ddb5-4fa4-a97d-d965ccfc6d4b" outcome="Passed" testListId="8c84fa94-04c1-424b-9868-57a2d4851a1d" relativeResultsDirectory="ced19439-a2c0-4852-90e3-7e92370ffc9c" />
    <UnitTestResult executionId="142f2ee3-5089-4a40-a85f-00a00b6d6844" testId="684598ee-fc3e-36d9-88c4-24f559ebfefb" testName="EpisodeIdentifier.Tests.Integration.VttWorkflowTests.WorkflowCoordinator_WithInvalidVttFile_HandlesGracefully" computerName="Freebie" duration="00:00:00.0911381" startTime="2025-09-20T10:53:02.2813748-07:00" endTime="2025-09-20T10:53:02.2813772-07:00" testType="13cdc9d9-ddb5-4fa4-a97d-d965ccfc6d4b" outcome="Passed" testListId="8c84fa94-04c1-424b-9868-57a2d4851a1d" relativeResultsDirectory="142f2ee3-5089-4a40-a85f-00a00b6d6844" />
    <UnitTestResult executionId="d4509ed7-8d4d-4e14-87be-cf2e4731978f" testId="49d5b1cd-7bfa-2c29-c9f4-53b3b0c5b16d" testName="EpisodeIdentifier.Tests.Integration.FilenameRecommendationTests.FilenameLengthTruncation_HandlesVeryLongNames" computerName="Freebie" duration="00:00:00.0143523" startTime="2025-09-20T10:53:02.6959308-07:00" endTime="2025-09-20T10:53:02.6959310-07:00" testType="13cdc9d9-ddb5-4fa4-a97d-d965ccfc6d4b" outcome="Passed" testListId="8c84fa94-04c1-424b-9868-57a2d4851a1d" relativeResultsDirectory="d4509ed7-8d4d-4e14-87be-cf2e4731978f" />
    <UnitTestResult executionId="493ec514-294f-46af-896d-19d748ef77ca" testId="2943112b-b928-f2dc-4546-de34ffeb720a" testName="EpisodeIdentifier.Tests.Integration.DatabaseConcurrencyOptimizationTests.SqliteConcurrencyOptimizer_ShouldProvideOptimizedConnectionString" computerName="Freebie" duration="00:00:00.0120425" startTime="2025-09-20T10:53:01.9106832-07:00" endTime="2025-09-20T10:53:01.9106834-07:00" testType="13cdc9d9-ddb5-4fa4-a97d-d965ccfc6d4b" outcome="Passed" testListId="8c84fa94-04c1-424b-9868-57a2d4851a1d" relativeResultsDirectory="493ec514-294f-46af-896d-19d748ef77ca" />
    <UnitTestResult executionId="637dd4f1-3a19-4991-97cd-6f980f71b288" testId="b69e51a0-4aa7-20eb-f889-d6c3ecbb8481" testName="EpisodeIdentifier.Tests.Integration.SingleFileProcessingIntegrationTests.ProcessSingleFile_FilenamePatternMatching_ShouldRespectConfiguration(filename: &quot;invalid_filename.mkv&quot;, shouldMatch: False)" computerName="Freebie" duration="00:00:00.3763763" startTime="2025-09-20T10:53:03.4489580-07:00" endTime="2025-09-20T10:53:03.4489581-07:00" testType="13cdc9d9-ddb5-4fa4-a97d-d965ccfc6d4b" outcome="Passed" testListId="8c84fa94-04c1-424b-9868-57a2d4851a1d" relativeResultsDirectory="637dd4f1-3a19-4991-97cd-6f980f71b288">
      <Output>
[...]
      <Execution id="e28b0dff-ef50-4587-94d2-cc69cbd46028" />
      <TestMethod codeBase="/mnt/c/Users/Ragma/KnowShow_Specd/tests/integration/bin/Debug/net8.0/EpisodeIdentifier.Tests.Integration.dll" adapterTypeName="executor://xunit/VsTestRunner2/netcoreapp" className="EpisodeIdentifier.Tests.Integration.ConfigurationIntegrationTests" name="LoadConfiguration_WithBulkProcessingSettings_ShouldLoadCorrectly" />
    </UnitTest>
    <UnitTest name="EpisodeIdentifier.Tests.Integration.SingleFileProcessingIntegrationTests.ProcessSingleFile_FilenamePatternMatching_ShouldRespectConfiguration(filename: &quot;Series.Name.S02E15.720p.mkv&quot;, shouldMatch: True)" storage="/mnt/c/users/ragma/knowshow_specd/tests/integration/bin/debug/net8.0/episodeidentifier.tests.integration.dll" id="5e1646b7-ef52-ebed-6081-77735a28485d">
      <Execution id="9339238a-3d88-449d-92a1-8e54f3f87fc9" />
      <TestMethod codeBase="/mnt/c/Users/Ragma/KnowShow_Specd/tests/integration/bin/Debug/net8.0/EpisodeIdentifier.Tests.Integration.dll" adapterTypeName="executor://xunit/VsTestRunner2/netcoreapp" className="EpisodeIdentifier.Tests.Integration.SingleFileProcessingIntegrationTests" name="ProcessSingleFile_FilenamePatternMatching_ShouldRespectConfiguration" />
    </UnitTest>
  </TestDefinitions>
  <TestEntries>
    <TestEntry testId="e7948784-b806-5d26-5ff0-4bfd23508e8b" executionId="fdf696d5-ba2f-4ba7-92e1-9746123691f7" testListId="8c84fa94-04c1-424b-9868-57a2d4851a1d" />
    <TestEntry testId="de74a8a4-b9f4-4de4-4ca9-8a43b2adc47e" executionId="25cc0624-886b-486a-9523-475eb22d0a4f" testListId="8c84fa94-04c1-424b-9868-57a2d4851a1d" />
    <TestEntry testId="f50e7700-9f0d-313e-eef1-47708e04b72a" executionId="f1c20fe2-e421-4bed-9e49-87f45f4db5cd" testListId="8c84fa94-04c1-424b-9868-57a2d4851a1d" />
    <TestEntry testId="f9c4d39d-53d8-9efc-9fd0-bf7323abe03b" executionId="31d82c92-8701-43ad-a9f9-822f37bedb19" testListId="8c84fa94-04c1-424b-9868-57a2d4851a1d" />
    <TestEntry testId="5e1646b7-ef52-ebed-6081-77735a28485d" executionId="9339238a-3d88-449d-92a1-8e54f3f87fc9" testListId="8c84fa94-04c1-424b-9868-57a2d4851a1d" />
    <TestEntry testId="9f6aa657-12cd-6ad4-f670-893bb147f3fd" executionId="56fa8d4b-0c66-4e37-bf14-6dea66349070" testListId="8c84fa94-04c1-424b-9868-57a2d4851a1d" />
    <TestEntry testId="f9d8cf2d-853c-1e62-b917-185de58ebdd5" executionId="dd86bd3c-90ed-46ac-861f-d75c7201233b" testListId="8c84fa94-04c1-424b-9868-57a2d4851a1d" />
    <TestEntry testId="7766ed99-e9a2-6bc5-91ea-62f174762ee4" executionId="6e1b19c8-ab9c-45d0-b813-a9d4d89645bc" testListId="8c84fa94-04c1-424b-9868-57a2d4851a1d" />
    <TestEntry testId="aa6308ce-bb35-2496-bb40-b222651e5a83" executionId="5fbbe7c6-16c6-497b-98a2-36285bd68e8a" testListId="8c84fa94-04c1-424b-9868-57a2d4851a1d" />
    <TestEntry testId="a50f3e05-713b-770f-6c97-cd3a3825956c" executionId="dab80155-efcd-48f9-8c37-4d31102e152e" testListId="8c84fa94-04c1-424b-9868-57a2d4851a1d" />
    <TestEntry testId="014e5030-c389-ff68-4155-fe9715557a2a" executionId="7849f890-699f-4711-a1aa-e6e54b6ba683" testListId="8c84fa94-04c1-424b-9868-57a2d4851a1d" />
    <TestEntry testId="a348b9e8-73bc-4a94-2fa8-aceda0f5f2ff" executionId="40ad3ca2-bd17-4d44-ab21-eaab65fb747a" testListId="8c84fa94-04c1-424b-9868-57a2d4851a1d" />
    <TestEntry testId="e32b975c-92b1-57a5-74cb-b4323f788c62" executionId="ab6dfc6a-f89c-4fe9-bb08-64cfeeabfca6" testListId="8c84fa94-04c1-424b-9868-57a2d4851a1d" />
    <TestEntry testId="38c91156-aef3-bf54-2d13-38986ecc31ed" executionId="e4a3662d-5c95-494b-a775-6b31dc584c6d" testListId="8c84fa94-04c1-424b-9868-57a2d4851a1d" />
    <TestEntry testId="b91d58e9-2ec3-4514-21e5-0037752a8096" executionId="bded651b-245e-4c97-a4b0-fe21a0c519c9" testListId="8c84fa94-04c1-424b-9868-57a2d4851a1d" />
    <TestEntry testId="ecc5553e-4ca1-7197-cefe-23263e69c6b2" executionId="2ce30f0c-56b5-4eb8-9021-89b9ae170d2a" testListId="8c84fa94-04c1-424b-9868-57a2d4851a1d" />
    <TestEntry testId="de3f3b93-99da-ea87-e637-8430eab50da2" executionId="1be21e8e-db21-44b3-bb5a-e6641befd3a2" testListId="8c84fa94-04c1-424b-9868-57a2d4851a1d" />
    <TestEntry testId="866df68a-9d27-f0de-6dd1-4cb7b3b01855" executionId="6d40556a-f2f6-4923-ab53-2b10d234c16a" testListId="8c84fa94-04c1-424b-9868-57a2d4851a1d" />
    <TestEntry testId="c69d8415-0025-d2ad-f073-d2da54314225" executionId="1e5db104-38bc-4e16-a979-227f5a3e7e85" testListId="8c84fa94-04c1-424b-9868-57a2d4851a1d" />
    <TestEntry testId="60aca83b-1ae0-f35a-8e3c-b453f963a625" executionId="48825a0e-4678-49b5-83ce-98d7aaf6e930" testListId="8c84fa94-04c1-424b-9868-57a2d4851a1d" />
    <TestEntry testId="06739a7a-2e22-c362-1c33-7eb2174ed840" executionId="580a4574-42f7-4f63-9c2b-b6ef0e659ad3" testListId="8c84fa94-04c1-424b-9868-57a2d4851a1d" />
    <TestEntry testId="5093e38d-beff-2518-7e99-d85f90fb8162" executionId="3762ca84-dff4-4b52-a785-be678a45acc9" testListId="8c84fa94-04c1-424b-9868-57a2d4851a1d" />
    <TestEntry testId="305e0bc9-0850-8225-2152-dc0a2c38f8de" executionId="601ec2c1-26cb-4663-9a5d-2055e74a14b9" testListId="8c84fa94-04c1-424b-9868-57a2d4851a1d" />
    <TestEntry testId="5a0728c9-eb2a-e2f2-6bfe-0e9bb82c1274" executionId="d5592e86-41b3-4cd0-93c9-09e65afc5b7f" testListId="8c84fa94-04c1-424b-9868-57a2d4851a1d" />
    <TestEntry testId="617a98c0-e22c-4f98-da29-98e1d817a281" executionId="3bb06c90-8e64-4051-b789-d351728e404f" testListId="8c84fa94-04c1-424b-9868-57a2d4851a1d" />
    <TestEntry testId="ba4fd3ef-b89d-3a24-55fe-a6c22030cc14" executionId="db513841-66eb-4e18-91a3-28c061261640" testListId="8c84fa94-04c1-424b-9868-57a2d4851a1d" />
    <TestEntry testId="025367b8-7b7b-638d-bc74-6d7181e833be" executionId="f5c3a19e-c0b4-4a85-af8f-d1f0f6cdf062" testListId="8c84fa94-04c1-424b-9868-57a2d4851a1d" />
    <TestEntry testId="ab0269ee-540f-dd17-3560-a585f5124c93" executionId="a98ee6e4-f238-41c2-9769-ef1fa092f8ae" testListId="8c84fa94-04c1-424b-9868-57a2d4851a1d" />
    <TestEntry testId="a39e5d03-f272-df13-fb03-9c9b9db922dc" executionId="b1650247-2b5b-43bb-9912-47ea5a56e845" testListId="8c84fa94-04c1-424b-9868-57a2d4851a1d" />
    <TestEntry testId="a5f17046-031a-ba95-030c-b89bce4f7332" executionId="0f597700-3425-45c0-9dca-4e6b3cf19d60" testListId="8c84fa94-04c1-424b-9868-57a2d4851a1d" />
    <TestEntry testId="22c9fd0f-c686-cff4-0a44-678fa1322594" executionId="7f291901-9a0f-4033-82a5-e3363a0f3eec" testListId="8c84fa94-04c1-424b-9868-57a2d4851a1d" />
    <TestEntry testId="f72357ec-0276-9b7d-04c3-5ed9714a42ee" executionId="809022bf-e9c2-4531-b95a-5dbdce3e28be" testListId="8c84fa94-04c1-424b-9868-57a2d4851a1d" />
    <TestEntry testId="6c944626-d838-91d8-815d-576ccfb4931a" executionId="1d0441f8-3842-429f-a4ab-61225a719c63" testListId="8c84fa94-04c1-424b-9868-57a2d4851a1d" />
    <TestEntry testId="d4be12eb-616e-e02f-7b18-b9be8d6381fc" executionId="81213e52-53a0-401c-9eda-ab19f13ec28e" testListId="8c84fa94-04c1-424b-9868-57a2d4851a1d" />
    <TestEntry testId="8d7ca2c9-b3cf-30ae-4c19-2b7403dbc12d" executionId="f920e488-bbd7-4a4e-aadd-317027032365" testListId="8c84fa94-04c1-424b-9868-57a2d4851a1d" />
    <TestEntry testId="0a7ed438-247f-dcea-cf46-4589ea44983c" executionId="3e4ac2cf-d710-46a9-ae3a-b3358cec8cf2" testListId="8c84fa94-04c1-424b-9868-57a2d4851a1d" />
    <TestEntry testId="01218aa8-e0b4-1bbc-9e74-d42182b778ae" executionId="80b664b5-d6c1-4043-b6cc-4300f4ec7f88" testListId="8c84fa94-04c1-424b-9868-57a2d4851a1d" />
    <TestEntry testId="f2b4fa43-56de-57cb-b8a8-05a2d9cd0d21" executionId="f5f7a0e6-493c-493b-be03-81819ba527ac" testListId="8c84fa94-04c1-424b-9868-57a2d4851a1d" />
    <TestEntry testId="3f27949b-3c98-3f60-875b-f5effc8e82f1" executionId="80742772-8921-4717-97bf-6843eaf05f84" testListId="8c84fa94-04c1-424b-9868-57a2d4851a1d" />
    <TestEntry testId="2605b7a9-17f3-40f9-1c3d-ea366e2444e0" executionId="b2397b48-91e5-44df-86d4-65c965fdb121" testListId="8c84fa94-04c1-424b-9868-57a2d4851a1d" />
    <TestEntry testId="49979d3a-e1d2-5f03-e0bd-673398ea7f72" executionId="7c774a07-2a0a-4c16-a5ae-89da9571b837" testListId="8c84fa94-04c1-424b-9868-57a2d4851a1d" />
    <TestEntry testId="00b2b8b4-7367-a76f-e99d-c22f8cef580d" executionId="a659206f-2681-4fd0-9f07-f393d0bec04e" testListId="8c84fa94-04c1-424b-9868-57a2d4851a1d" />
    <TestEntry testId="99b8cf71-5e80-d565-34ed-071d803a8627" executionId="5143fa49-9070-4332-ab1b-546c56c2c853" testListId="8c84fa94-04c1-424b-9868-57a2d4851a1d" />
    <TestEntry testId="9675b8ec-e9e4-d258-d325-201e86a4e2c6" executionId="2bbd678a-431d-45ac-9b2e-84e44d86bae2" testListId="8c84fa94-04c1-424b-9868-57a2d4851a1d" />
    <TestEntry testId="1c536f5d-0a0b-82b0-6d75-2c11e6a77c32" executionId="fb0a4a41-89b1-4ac6-af26-ff4e77a3604e" testListId="8c84fa94-04c1-424b-9868-57a2d4851a1d" />
    <TestEntry testId="f2e5722b-8870-f59e-35d9-f47c8c042a79" executionId="ced19439-a2c0-4852-90e3-7e92370ffc9c" testListId="8c84fa94-04c1-424b-9868-57a2d4851a1d" />
    <TestEntry testId="684598ee-fc3e-36d9-88c4-24f559ebfefb" executionId="142f2ee3-5089-4a40-a85f-00a00b6d6844" testListId="8c84fa94-04c1-424b-9868-57a2d4851a1d" />
    <TestEntry testId="49d5b1cd-7bfa-2c29-c9f4-53b3b0c5b16d" executionId="d4509ed7-8d4d-4e14-87be-cf2e4731978f" testListId="8c84fa94-04c1-424b-9868-57a2d4851a1d" />
    <TestEntry testId="2943112b-b928-f2dc-4546-de34ffeb720a" executionId="493ec514-294f-46af-896d-19d748ef77ca" testListId="8c84fa94-04c1-424b-9868-57a2d4851a1d" />
    <TestEntry testId="b69e51a0-4aa7-20eb-f889-d6c3ecbb8481" executionId="637dd4f1-3a19-4991-97cd-6f980f71b288" testListId="8c84fa94-04c1-424b-9868-57a2d4851a1d" />
    <TestEntry testId="d087c2ab-d4f4-1161-9d62-789738a44390" executionId="3bbd9c6a-5791-42b3-97b3-307380501744" testListId="8c84fa94-04c1-424b-9868-57a2d4851a1d" />
    <TestEntry testId="26ca35b8-921c-80b2-f0b6-4e326829e7f0" executionId="e81b3dc7-d666-4735-b9c1-31309cc48ce3" testListId="8c84fa94-04c1-424b-9868-57a2d4851a1d" />
    <TestEntry testId="75840db2-6db3-fb9f-537e-d45568c3f887" executionId="5b4bcac6-9c3b-4ef6-8336-87359475415c" testListId="8c84fa94-04c1-424b-9868-57a2d4851a1d" />
    <TestEntry testId="aa596bb6-43fe-3a5a-151d-a3de149fc222" executionId="366b91b5-a071-4cb6-94d5-564c1830cc6a" testListId="8c84fa94-04c1-424b-9868-57a2d4851a1d" />
    <TestEntry testId="bfa97f1d-12c5-9fc0-635b-57410ade2d36" executionId="bab1bda1-d997-4279-8fde-848c3556afde" testListId="8c84fa94-04c1-424b-9868-57a2d4851a1d" />
    <TestEntry testId="34e077cb-72a0-121b-fa85-682b27b08b18" executionId="e54cd7af-998a-4b6d-aec8-8187b0c945a5" testListId="8c84fa94-04c1-424b-9868-57a2d4851a1d" />
    <TestEntry testId="a1dea9f6-4ef9-98b9-8be6-64b73e3027e7" executionId="a8fa229a-3f7e-4d50-91cb-8ebf692d416c" testListId="8c84fa94-04c1-424b-9868-57a2d4851a1d" />
    <TestEntry testId="cf5003dd-35cc-0237-badf-166cbce58526" executionId="540eaf1f-1988-44fa-8470-411f35bfbbf1" testListId="8c84fa94-04c1-424b-9868-57a2d4851a1d" />
    <TestEntry testId="0c069423-0cbc-4113-531e-3262a99761fa" executionId="05c4f33b-f208-44d9-b8e5-544df6de3f38" testListId="8c84fa94-04c1-424b-9868-57a2d4851a1d" />
    <TestEntry testId="5964f431-4a33-1488-d658-8c6c1425e1b6" executionId="e28b0dff-ef50-4587-94d2-cc69cbd46028" testListId="8c84fa94-04c1-424b-9868-57a2d4851a1d" />
    <TestEntry testId="d3e77924-4016-4152-7f79-8dc9186ad463" executionId="a217be02-8d14-4182-93ba-a01fa31134dc" testListId="8c84fa94-04c1-424b-9868-57a2d4851a1d" />
    <TestEntry testId="9025f353-f4d8-b28f-cb81-3ed0a5ab0ccd" executionId="3a05f996-1572-4bd3-99fe-c2b5d959433a" testListId="8c84fa94-04c1-424b-9868-57a2d4851a1d" />
    <TestEntry testId="019ee5bf-e104-4b77-d8f9-1f5ceb49fe0c" executionId="72cd5c8c-993c-4e18-9c24-0f859181fcdf" testListId="8c84fa94-04c1-424b-9868-57a2d4851a1d" />
    <TestEntry testId="3c365a04-3c27-fa59-a256-fbf4f6a69654" executionId="29e395f3-066a-404d-8a82-35728d3f514a" testListId="8c84fa94-04c1-424b-9868-57a2d4851a1d" />
    <TestEntry testId="63442ac7-39ba-7f15-56b5-967d85ab2ec8" executionId="30fb411d-e3c4-4731-b704-bb0843f90627" testListId="8c84fa94-04c1-424b-9868-57a2d4851a1d" />
    <TestEntry testId="10ed06f6-211b-30c6-bd00-1ed330c684d1" executionId="fb1544a0-53c1-4056-ad33-efcf752c5130" testListId="8c84fa94-04c1-424b-9868-57a2d4851a1d" />
    <TestEntry testId="c33c7249-024d-c7fc-c737-af3965c396c1" executionId="73809453-8268-4f0d-83b3-af82aed4b0fe" testListId="8c84fa94-04c1-424b-9868-57a2d4851a1d" />
    <TestEntry testId="f7f35e5c-a4c7-b3e5-488d-14f90645257c" executionId="93cf5b0d-2e56-494d-b12b-cff0c7be8588" testListId="8c84fa94-04c1-424b-9868-57a2d4851a1d" />
    <TestEntry testId="f11991ec-c143-8093-a23e-943875f68494" executionId="347d7eea-ec96-46eb-ae54-0232a18e4ea9" testListId="8c84fa94-04c1-424b-9868-57a2d4851a1d" />
    <TestEntry testId="6498676c-4eaf-1672-c9c0-146fd4578d19" executionId="19d475f2-9bd4-47a3-9ad5-2cdc3dfac092" testListId="8c84fa94-04c1-424b-9868-57a2d4851a1d" />
    <TestEntry testId="a26ecee0-609e-1a3b-d2e2-1398a5a2a7cc" executionId="2b089a4e-e7aa-4a03-875d-2002cfcc0dea" testListId="8c84fa94-04c1-424b-9868-57a2d4851a1d" />
    <TestEntry testId="722e496e-f90e-237d-4a88-01c107fc6c39" executionId="dea673b3-5c63-40db-b06d-391a4632bfea" testListId="8c84fa94-04c1-424b-9868-57a2d4851a1d" />
    <TestEntry testId="67f75f42-11b1-0c06-4087-c970c5437b25" executionId="e83d7c9a-edad-498b-ae52-470e757aa592" testListId="8c84fa94-04c1-424b-9868-57a2d4851a1d" />
    <TestEntry testId="8ce576cd-4da6-8600-e5f7-7c2c3c52dc13" executionId="e6141da4-e141-4572-956a-835dca1e31af" testListId="8c84fa94-04c1-424b-9868-57a2d4851a1d" />
    <TestEntry testId="3a3957a9-a0a7-6533-7b98-0250b27cce48" executionId="fa611be0-221e-43a8-8e7d-94714f9fbbd6" testListId="8c84fa94-04c1-424b-9868-57a2d4851a1d" />
    <TestEntry testId="7f4b0c20-da93-c198-4028-ab9256627f91" executionId="d2e03324-19f6-41cd-93e1-382ee73197af" testListId="8c84fa94-04c1-424b-9868-57a2d4851a1d" />
    <TestEntry testId="6209e311-c6ba-f949-974f-6c3888ef1430" executionId="9b0d9e98-5ba7-4ef7-9c6c-298f78c69f92" testListId="8c84fa94-04c1-424b-9868-57a2d4851a1d" />
    <TestEntry testId="b0756072-5910-d554-36c2-078a0450c1ad" executionId="c8634174-f85d-463f-94fe-ce8432f26a35" testListId="8c84fa94-04c1-424b-9868-57a2d4851a1d" />
    <TestEntry testId="c1e650b5-c1f3-7814-8e39-20748c35f348" executionId="cf43fc81-6257-4141-9800-5a009a8cf894" testListId="8c84fa94-04c1-424b-9868-57a2d4851a1d" />
    <TestEntry testId="90f7981f-a1fe-3efa-4e49-62d7a6bf2d77" executionId="2e8791d8-09d4-417d-8640-637b6020b531" testListId="8c84fa94-04c1-424b-9868-57a2d4851a1d" />
    <TestEntry testId="8cc7d316-1c08-815b-36b2-7a77c7527752" executionId="4f0b22b9-8944-461b-849d-7db74e50586e" testListId="8c84fa94-04c1-424b-9868-57a2d4851a1d" />
    <TestEntry testId="c9f22686-4c36-f8bf-3fc2-27d27d3c1d21" executionId="61acb29f-040d-434d-b9c3-707039f5a210" testListId="8c84fa94-04c1-424b-9868-57a2d4851a1d" />
    <TestEntry testId="7d86f403-82a6-ef63-7078-a37047ef1e1b" executionId="bb67f742-3992-4726-afcc-5623a972b48e" testListId="8c84fa94-04c1-424b-9868-57a2d4851a1d" />
    <TestEntry testId="4d0d2e66-a27f-f61e-012b-266ace67c02d" executionId="233458f9-1582-4f26-80b7-19d9745f5749" testListId="8c84fa94-04c1-424b-9868-57a2d4851a1d" />
    <TestEntry testId="0e02b3b2-ae6b-c16f-f907-8e495efa462a" executionId="85a8ca1b-0987-480b-a2a5-2996162acd1a" testListId="8c84fa94-04c1-424b-9868-57a2d4851a1d" />
    <TestEntry testId="4ecc95e6-ba46-6c43-9e60-283c001ee09f" executionId="ac658363-e946-4978-9f16-c476f6a22f5b" testListId="8c84fa94-04c1-424b-9868-57a2d4851a1d" />
    <TestEntry testId="0ed42e33-7fb1-1664-74ac-e77817d5b73e" executionId="5b828e0b-42c7-4029-b7bc-65a4e25f5327" testListId="8c84fa94-04c1-424b-9868-57a2d4851a1d" />
    <TestEntry testId="fef781f3-7303-140f-953b-e80713ae540d" executionId="917d5243-6b43-4d26-8707-20ececca9e2b" testListId="8c84fa94-04c1-424b-9868-57a2d4851a1d" />
    <TestEntry testId="b30d4c38-5e2c-04f9-9a7b-07bdb5d83c47" executionId="426a9e30-fa4d-4e04-b057-6c845322ed11" testListId="8c84fa94-04c1-424b-9868-57a2d4851a1d" />
    <TestEntry testId="1b78ac1a-f289-f407-33f5-049b391177ee" executionId="0c914f5f-aed9-40b6-b7c2-2b4d70677f78" testListId="8c84fa94-04c1-424b-9868-57a2d4851a1d" />
    <TestEntry testId="6ff0a1ff-1482-4fae-105b-287227a78ba1" executionId="7f51d1c4-a337-4764-a1bf-e0bc3387b3af" testListId="8c84fa94-04c1-424b-9868-57a2d4851a1d" />
    <TestEntry testId="71a3a765-e7b0-8e13-ddca-621a73e27194" executionId="f0dc9e96-16a5-4af5-a9a1-b58611441e54" testListId="8c84fa94-04c1-424b-9868-57a2d4851a1d" />
    <TestEntry testId="d79a2eed-d99c-9a4b-b557-509ea35c5a70" executionId="09fded52-9e77-4d25-b9fa-4773030eb16a" testListId="8c84fa94-04c1-424b-9868-57a2d4851a1d" />
    <TestEntry testId="37b14a49-fd16-cc8b-49cb-743405980b65" executionId="bdc7b05f-a464-4099-bae5-636ee7dcd0b5" testListId="8c84fa94-04c1-424b-9868-57a2d4851a1d" />
    <TestEntry testId="aa8582bc-71d8-c1f6-eeb0-cc8f15fff8a6" executionId="c87dcefd-6e5e-40a8-b165-efeb46867ffa" testListId="8c84fa94-04c1-424b-9868-57a2d4851a1d" />
    <TestEntry testId="12f0d548-841e-eec4-beb0-7a25e7cec52b" executionId="7df07f20-8ac3-4f0a-979c-e8acdf6a1d49" testListId="8c84fa94-04c1-424b-9868-57a2d4851a1d" />
    <TestEntry testId="76610f22-7881-2fbf-7de0-f7c3cfbc7c2a" executionId="8b273865-05e0-44e0-bd26-7301fd711b42" testListId="8c84fa94-04c1-424b-9868-57a2d4851a1d" />
    <TestEntry testId="65547512-d94b-765f-7445-74c3016ba1b7" executionId="9df97b9c-c396-457f-a8c5-f834ee8d88b0" testListId="8c84fa94-04c1-424b-9868-57a2d4851a1d" />
    <TestEntry testId="a88ab99e-1425-8bb1-6a64-ba678e5bbfbe" executionId="870bcca5-3f7a-4d31-afd0-6c81d6d15c67" testListId="8c84fa94-04c1-424b-9868-57a2d4851a1d" />
    <TestEntry testId="3ccd6e78-e516-b09e-3921-debfe7a1fd2d" executionId="e0cde93b-79d4-4321-9b27-bedd06aac410" testListId="8c84fa94-04c1-424b-9868-57a2d4851a1d" />
    <TestEntry testId="72a08158-2638-0b5d-cd7e-2068b6a126a0" executionId="9d38c580-738e-4be3-900c-57d0222404a7" testListId="8c84fa94-04c1-424b-9868-57a2d4851a1d" />
    <TestEntry testId="90ad9766-e0a3-3bee-e13d-42eb9c4c1c96" executionId="1f575f62-de30-4783-82ef-2755b9aa4114" testListId="8c84fa94-04c1-424b-9868-57a2d4851a1d" />
    <TestEntry testId="2a3f52fa-a7c3-f950-dad7-0c8f2a031ddd" executionId="cba7726d-a70b-4e9b-a694-a722cc55f9e6" testListId="8c84fa94-04c1-424b-9868-57a2d4851a1d" />
    <TestEntry testId="c436f0e1-78f6-5afc-9eeb-6ddcb12cf014" executionId="7d2eef65-48e5-4dbd-aaff-1e90baa961b1" testListId="8c84fa94-04c1-424b-9868-57a2d4851a1d" />
    <TestEntry testId="93335ceb-0442-e49f-8935-d56fb125e9f6" executionId="8c55d5ba-ce81-4960-8f1f-963fd133b896" testListId="8c84fa94-04c1-424b-9868-57a2d4851a1d" />
    <TestEntry testId="20ee62e4-e0eb-9ae0-d74b-aed776cdcbd2" executionId="f6079cfe-b8fe-4546-bca8-e6315b27b6d0" testListId="8c84fa94-04c1-424b-9868-57a2d4851a1d" />
    <TestEntry testId="c79c2fae-d608-4b88-105f-2c50f17ae68d" executionId="b1d2e62b-99e3-427e-a22b-215cca2f69da" testListId="8c84fa94-04c1-424b-9868-57a2d4851a1d" />
  </TestEntries>
  <TestLists>
    <TestList name="Results Not in a List" id="8c84fa94-04c1-424b-9868-57a2d4851a1d" />
    <TestList name="All Loaded Results" id="19431567-8539-422a-85d7-44ee4e166bda" />
  </TestLists>
  <ResultSummary outcome="Completed">
    <Counters total="107" executed="107" passed="107" failed="0" error="0" timeout="0" aborted="0" inconclusive="0" passedButRunAborted="0" notRunnable="0" notExecuted="0" disconnected="0" warning="0" completed="0" inProgress="0" pending="0" />
    <Output>
      <StdOut>[xUnit.net 00:00:00.00] xUnit.net VSTest Adapter v2.4.5+1caef2f33e (64-bit .NET 8.0.19)
[xUnit.net 00:00:01.79]   Discovering: EpisodeIdentifier.Tests.Integration
[xUnit.net 00:00:01.92]   Discovered:  EpisodeIdentifier.Tests.Integration
[xUnit.net 00:00:01.92]   Starting:    EpisodeIdentifier.Tests.Integration
[xUnit.net 00:00:07.80]   Finished:    EpisodeIdentifier.Tests.Integration
</StdOut>
    </Output>
  </ResultSummary>
</TestRun>